2024-09-19 14:34:05,124{GMT}	INFO	[jepsen test runner] jepsen.core: Test version 4f305f814c5875377301d630478a20a0e50c1df8 (plus uncommitted changes)
2024-09-19 14:34:05,125{GMT}	INFO	[jepsen test runner] jepsen.core: Command line:
lein run test -w txn-rw-register --bin /home/shrestha/go/bin/maelstrom-txn --node-count 2 --concurrency 2n --time-limit 20 --rate 1000 --consistency-models read-uncommitted
2024-09-19 14:34:05,215{GMT}	INFO	[jepsen test runner] jepsen.core: Running test:
{:args []
 :remote
 #jepsen.control.retry.Remote{:remote #jepsen.control.scp.Remote{:cmd-remote #jepsen.control.sshj.SSHJRemote{:concurrency-limit 6,
                                                                                                             :conn-spec nil,
                                                                                                             :client nil,
                                                                                                             :semaphore nil},
                                                                 :conn-spec nil},
                              :conn nil}
 :log-net-send false
 :node-count 2
 :availability nil
 :max-txn-length 4
 :concurrency 4
 :db
 #object[maelstrom.db$db$reify__16142
         "0x1dc47df3"
         "maelstrom.db$db$reify__16142@1dc47df3"]
 :max-writes-per-key 16
 :leave-db-running? false
 :name "txn-rw-register"
 :logging-json? false
 :start-time
 #object[org.joda.time.DateTime "0x65c040c9" "2024-09-19T14:34:05.085+05:30"]
 :nemesis-interval 10
 :net
 #object[maelstrom.net$jepsen_net$reify__15251
         "0x11736ebc"
         "maelstrom.net$jepsen_net$reify__15251@11736ebc"]
 :client
 #object[maelstrom.workload.txn_rw_register$client$reify__20030
         "0x4a03c4bc"
         "maelstrom.workload.txn_rw_register$client$reify__20030@4a03c4bc"]
 :barrier
 #object[java.util.concurrent.CyclicBarrier
         "0x3d0c88f4"
         "java.util.concurrent.CyclicBarrier@3d0c88f4"]
 :log-stderr false
 :pure-generators true
 :ssh {:dummy? true}
 :rate 1000.0
 :checker
 #object[jepsen.checker$compose$reify__11881
         "0x5aad4194"
         "jepsen.checker$compose$reify__11881@5aad4194"]
 :argv
 ("test"
  "-w"
  "txn-rw-register"
  "--bin"
  "/home/shrestha/go/bin/maelstrom-txn"
  "--node-count"
  "2"
  "--concurrency"
  "2n"
  "--time-limit"
  "20"
  "--rate"
  "1000"
  "--consistency-models"
  "read-uncommitted")
 :nemesis
 (jepsen.nemesis.ReflCompose
  {:fm {:start-partition 0,
        :stop-partition 0,
        :kill 1,
        :start 1,
        :pause 1,
        :resume 1},
   :nemeses [#unprintable "jepsen.nemesis.combined$partition_nemesis$reify__16416@50a1c2f3"
             #unprintable "jepsen.nemesis.combined$db_nemesis$reify__16397@453ca7f"]})
 :nodes ["n0" "n1"]
 :test-count 1
 :latency {:mean 0, :dist :constant}
 :bin "/home/shrestha/go/bin/maelstrom-txn"
 :generator
 (jepsen.generator.TimeLimit
  {:limit 20000000000,
   :cutoff nil,
   :gen (jepsen.generator.Any
         {:gens [(jepsen.generator.OnThreads
                  {:f #{:nemesis},
                   :context-filter #object[jepsen.generator.context$make_thread_filter$lazy_filter__9167
                                           "0x2459715c"
                                           "jepsen.generator.context$make_thread_filter$lazy_filter__9167@2459715c"],
                   :gen nil})
                 (jepsen.generator.OnThreads
                  {:f #jepsen.generator.context.AllBut{:element :nemesis},
                   :context-filter #object[jepsen.generator.context$make_thread_filter$lazy_filter__9167
                                           "0x401e36ab"
                                           "jepsen.generator.context$make_thread_filter$lazy_filter__9167@401e36ab"],
                   :gen (jepsen.generator.Stagger
                         {:dt 2000000,
                          :next-time nil,
                          :gen ({:type :invoke, :f :txn, :value [[:w 8 1]]}
                                {:type :invoke,
                                 :f :txn,
                                 :value [[:r 7 nil] [:r 9 nil]]}
                                {:type :invoke, :f :txn, :value [[:r 9 nil]]}
                                {:type :invoke, :f :txn, :value [[:w 9 1]]}
                                {:type :invoke,
                                 :f :txn,
                                 :value [[:w 9 2] [:r 9 nil] [:w 7 1] [:w 9 3]]}
                                {:type :invoke,
                                 :f :txn,
                                 :value [[:w 8 2] [:w 2 1] [:w 8 3]]}
                                {:type :invoke,
                                 :f :txn,
                                 :value [[:w 9 4] [:w 8 4] [:r 6 nil] [:w 6 1]]}
                                {:type :invoke,
                                 :f :txn,
                                 :value [[:w 7 2] [:r 8 nil]]}
                                ...)})})]})})
 :log-net-recv false
 :os
 #object[maelstrom.net$jepsen_os$reify__15254
         "0x383c94ed"
         "maelstrom.net$jepsen_os$reify__15254@383c94ed"]
 :time-limit 20
 :workload :txn-rw-register
 :consistency-models (:read-uncommitted)
 :topology :grid}

2024-09-19 14:34:07,523{GMT}	INFO	[jepsen node n0] maelstrom.net: Starting Maelstrom network
2024-09-19 14:34:07,525{GMT}	INFO	[jepsen test runner] jepsen.db: Tearing down DB
2024-09-19 14:34:07,528{GMT}	INFO	[jepsen test runner] jepsen.db: Setting up DB
2024-09-19 14:34:07,530{GMT}	INFO	[jepsen node n1] maelstrom.db: Setting up n1
2024-09-19 14:34:07,531{GMT}	INFO	[jepsen node n1] maelstrom.process: launching /home/shrestha/go/bin/maelstrom-txn []
2024-09-19 14:34:07,532{GMT}	INFO	[jepsen node n0] maelstrom.service: Starting services: (lin-kv lin-tso lww-kv seq-kv)
2024-09-19 14:34:07,535{GMT}	INFO	[jepsen node n0] maelstrom.db: Setting up n0
2024-09-19 14:34:07,536{GMT}	INFO	[jepsen node n0] maelstrom.process: launching /home/shrestha/go/bin/maelstrom-txn []
2024-09-19 14:34:08,540{GMT}	INFO	[jepsen node n0] maelstrom.net: Shutting down Maelstrom network
2024-09-19 14:34:08,545{GMT}	WARN	[jepsen test runner] jepsen.core: Test crashed!
java.io.IOException: Cannot run program "/home/shrestha/go/bin/maelstrom-txn" (in directory "/tmp"): error=2, No such file or directory
	at java.base/java.lang.ProcessBuilder.start(ProcessBuilder.java:1143)
	at java.base/java.lang.ProcessBuilder.start(ProcessBuilder.java:1073)
	at maelstrom.process$start_node_BANG_.invokeStatic(process.clj:199)
	at maelstrom.process$start_node_BANG_.invoke(process.clj:168)
	at maelstrom.db$db$reify__16142.setup_BANG_(db.clj:34)
	at jepsen.db$fn__8729$G__8723__8733.invoke(db.clj:12)
	at jepsen.db$fn__8729$G__8722__8738.invoke(db.clj:12)
	at clojure.core$partial$fn__5908.invoke(core.clj:2642)
	at jepsen.control$on_nodes$fn__8599.invoke(control.clj:314)
	at clojure.lang.AFn.applyToHelper(AFn.java:154)
	at clojure.lang.AFn.applyTo(AFn.java:144)
	at clojure.core$apply.invokeStatic(core.clj:667)
	at clojure.core$with_bindings_STAR_.invokeStatic(core.clj:1990)
	at clojure.core$with_bindings_STAR_.doInvoke(core.clj:1990)
	at clojure.lang.RestFn.applyTo(RestFn.java:142)
	at clojure.core$apply.invokeStatic(core.clj:671)
	at clojure.core$bound_fn_STAR_$fn__5818.doInvoke(core.clj:2020)
	at clojure.lang.RestFn.invoke(RestFn.java:408)
	at dom_top.core$real_pmap_helper$build_thread__211$fn__212.invoke(core.clj:163)
	at clojure.lang.AFn.applyToHelper(AFn.java:152)
	at clojure.lang.AFn.applyTo(AFn.java:144)
	at clojure.core$apply.invokeStatic(core.clj:667)
	at clojure.core$with_bindings_STAR_.invokeStatic(core.clj:1990)
	at clojure.core$with_bindings_STAR_.doInvoke(core.clj:1990)
	at clojure.lang.RestFn.invoke(RestFn.java:425)
	at clojure.lang.AFn.applyToHelper(AFn.java:156)
	at clojure.lang.RestFn.applyTo(RestFn.java:132)
	at clojure.core$apply.invokeStatic(core.clj:671)
	at clojure.core$bound_fn_STAR_$fn__5818.doInvoke(core.clj:2020)
	at clojure.lang.RestFn.invoke(RestFn.java:397)
	at clojure.lang.AFn.run(AFn.java:22)
	at java.base/java.lang.Thread.run(Thread.java:840)
Caused by: java.io.IOException: error=2, No such file or directory
	at java.base/java.lang.ProcessImpl.forkAndExec(Native Method)
	at java.base/java.lang.ProcessImpl.<init>(ProcessImpl.java:314)
	at java.base/java.lang.ProcessImpl.start(ProcessImpl.java:244)
	at java.base/java.lang.ProcessBuilder.start(ProcessBuilder.java:1110)
	... 31 common frames omitted
