2024-05-18 14:27:28,641{GMT}	INFO	[jepsen test runner] jepsen.core: Test version dc9aa6125572a79c4370fe6a75356f430517ec0a (plus uncommitted changes)
2024-05-18 14:27:28,642{GMT}	INFO	[jepsen test runner] jepsen.core: Command line:
lein run test -w broadcast --bin target/debug/broadcast --node-count 1 --time-limit 20 --rate 10
2024-05-18 14:27:28,754{GMT}	INFO	[jepsen test runner] jepsen.core: Running test:
{:args []
 :remote
 #jepsen.control.retry.Remote{:remote #jepsen.control.scp.Remote{:cmd-remote #jepsen.control.sshj.SSHJRemote{:concurrency-limit 6,
                                                                                                             :conn-spec nil,
                                                                                                             :client nil,
                                                                                                             :semaphore nil},
                                                                 :conn-spec nil},
                              :conn nil}
 :log-net-send false
 :node-count 1
 :availability nil
 :max-txn-length 4
 :concurrency 1
 :db
 #object[maelstrom.db$db$reify__16142
         "0x34989ceb"
         "maelstrom.db$db$reify__16142@34989ceb"]
 :max-writes-per-key 16
 :leave-db-running? false
 :name "broadcast"
 :logging-json? false
 :start-time
 #object[org.joda.time.DateTime "0x1dc47df3" "2024-05-18T14:27:28.603+05:30"]
 :nemesis-interval 10
 :net
 #object[maelstrom.net$jepsen_net$reify__15251
         "0x256a25a8"
         "maelstrom.net$jepsen_net$reify__15251@256a25a8"]
 :client
 #object[maelstrom.workload.broadcast$client$reify__16644
         "0x68f67bbd"
         "maelstrom.workload.broadcast$client$reify__16644@68f67bbd"]
 :barrier
 #object[java.util.concurrent.CyclicBarrier
         "0x5bd585a5"
         "java.util.concurrent.CyclicBarrier@5bd585a5"]
 :log-stderr false
 :pure-generators true
 :ssh {:dummy? true}
 :rate 10.0
 :checker
 #object[jepsen.checker$compose$reify__11881
         "0x65c040c9"
         "jepsen.checker$compose$reify__11881@65c040c9"]
 :argv
 ("test"
  "-w"
  "broadcast"
  "--bin"
  "target/debug/broadcast"
  "--node-count"
  "1"
  "--time-limit"
  "20"
  "--rate"
  "10")
 :nemesis
 (jepsen.nemesis.ReflCompose
  {:fm {:start-partition 0,
        :stop-partition 0,
        :kill 1,
        :start 1,
        :pause 1,
        :resume 1},
   :nemeses [#unprintable "jepsen.nemesis.combined$partition_nemesis$reify__16416@11736ebc"
             #unprintable "jepsen.nemesis.combined$db_nemesis$reify__16397@4a03c4bc"]})
 :nodes ["n0"]
 :test-count 1
 :latency {:mean 0, :dist :constant}
 :bin "target/debug/broadcast"
 :generator
 ((jepsen.generator.Synchronize
   {:gen (jepsen.generator.TimeLimit
          {:limit 20000000000,
           :cutoff nil,
           :gen (jepsen.generator.Any
                 {:gens [(jepsen.generator.OnThreads
                          {:f #{:nemesis},
                           :context-filter #object[jepsen.generator.context$make_thread_filter$lazy_filter__9167
                                                   "0x60035f1e"
                                                   "jepsen.generator.context$make_thread_filter$lazy_filter__9167@60035f1e"],
                           :gen nil})
                         (jepsen.generator.OnThreads
                          {:f #jepsen.generator.context.AllBut{:element :nemesis},
                           :context-filter #object[jepsen.generator.context$make_thread_filter$lazy_filter__9167
                                                   "0x5827908c"
                                                   "jepsen.generator.context$make_thread_filter$lazy_filter__9167@5827908c"],
                           :gen (jepsen.generator.Stagger
                                 {:dt 200000000,
                                  :next-time nil,
                                  :gen (jepsen.generator.Mix
                                        {:i 1,
                                         :gens [({:f :broadcast, :value 0}
                                                 {:f :broadcast, :value 1}
                                                 {:f :broadcast, :value 2}
                                                 {:f :broadcast, :value 3}
                                                 {:f :broadcast, :value 4}
                                                 {:f :broadcast, :value 5}
                                                 {:f :broadcast, :value 6}
                                                 {:f :broadcast, :value 7}
                                                 ...)
                                                ({:f :read}
                                                 {:f :read}
                                                 {:f :read}
                                                 {:f :read}
                                                 {:f :read}
                                                 {:f :read}
                                                 {:f :read}
                                                 {:f :read}
                                                 ...)]})})})]})})})
  (jepsen.generator.Synchronize
   {:gen (jepsen.generator.OnThreads
          {:f #{:nemesis},
           :context-filter #object[jepsen.generator.context$make_thread_filter$lazy_filter__9167
                                   "0x5ed83e36"
                                   "jepsen.generator.context$make_thread_filter$lazy_filter__9167@5ed83e36"],
           :gen ()})})
  (jepsen.generator.Synchronize
   {:gen {:type :log, :value "Waiting for recovery..."}})
  (jepsen.generator.Synchronize {:gen {:type :sleep, :value 10}})
  (jepsen.generator.Synchronize
   {:gen (jepsen.generator.OnThreads
          {:f #jepsen.generator.context.AllBut{:element :nemesis},
           :context-filter #object[jepsen.generator.context$make_thread_filter$lazy_filter__9167
                                   "0x2459715c"
                                   "jepsen.generator.context$make_thread_filter$lazy_filter__9167@2459715c"],
           :gen (jepsen.generator.EachThread
                 {:fresh-gen {:f :read, :final? true},
                  :context-filters #object[clojure.core$promise$reify__8591
                                           "0x401e36ab"
                                           {:status :pending, :val nil}],
                  :gens {}})})}))
 :log-net-recv false
 :os
 #object[maelstrom.net$jepsen_os$reify__15254
         "0x4ce66169"
         "maelstrom.net$jepsen_os$reify__15254@4ce66169"]
 :time-limit 20
 :workload :broadcast
 :consistency-models [:strict-serializable]
 :topology :grid}

2024-05-18 14:27:33,258{GMT}	INFO	[jepsen node n0] maelstrom.net: Starting Maelstrom network
2024-05-18 14:27:33,260{GMT}	INFO	[jepsen test runner] jepsen.db: Tearing down DB
2024-05-18 14:27:33,266{GMT}	INFO	[jepsen test runner] jepsen.db: Setting up DB
2024-05-18 14:27:33,274{GMT}	INFO	[jepsen node n0] maelstrom.service: Starting services: (lin-kv lin-tso lww-kv seq-kv)
2024-05-18 14:27:33,278{GMT}	INFO	[jepsen node n0] maelstrom.db: Setting up n0
2024-05-18 14:27:33,280{GMT}	INFO	[jepsen node n0] maelstrom.process: launching target/debug/broadcast []
2024-05-18 14:27:33,374{GMT}	INFO	[jepsen test runner] jepsen.core: Relative time begins now
2024-05-18 14:27:33,420{GMT}	INFO	[jepsen worker 0] jepsen.util: 0	:invoke	:read	nil
2024-05-18 14:27:33,426{GMT}	INFO	[jepsen worker 0] jepsen.util: 0	:ok	:read	[]
2024-05-18 14:27:33,556{GMT}	INFO	[jepsen worker 0] jepsen.util: 0	:invoke	:broadcast	0
2024-05-18 14:27:33,562{GMT}	INFO	[jepsen worker 0] jepsen.util: 0	:ok	:broadcast	0
2024-05-18 14:27:33,611{GMT}	INFO	[jepsen worker 0] jepsen.util: 0	:invoke	:read	nil
2024-05-18 14:27:33,617{GMT}	INFO	[jepsen worker 0] jepsen.util: 0	:ok	:read	[0]
2024-05-18 14:27:33,800{GMT}	INFO	[jepsen worker 0] jepsen.util: 0	:invoke	:read	nil
2024-05-18 14:27:33,804{GMT}	INFO	[jepsen worker 0] jepsen.util: 0	:ok	:read	[0]
2024-05-18 14:27:33,968{GMT}	INFO	[jepsen worker 0] jepsen.util: 0	:invoke	:broadcast	1
2024-05-18 14:27:33,972{GMT}	INFO	[jepsen worker 0] jepsen.util: 0	:ok	:broadcast	1
2024-05-18 14:27:34,071{GMT}	INFO	[jepsen worker 0] jepsen.util: 0	:invoke	:broadcast	2
2024-05-18 14:27:34,075{GMT}	INFO	[jepsen worker 0] jepsen.util: 0	:ok	:broadcast	2
2024-05-18 14:27:34,135{GMT}	INFO	[jepsen worker 0] jepsen.util: 0	:invoke	:broadcast	3
2024-05-18 14:27:34,139{GMT}	INFO	[jepsen worker 0] jepsen.util: 0	:ok	:broadcast	3
2024-05-18 14:27:34,207{GMT}	INFO	[jepsen worker 0] jepsen.util: 0	:invoke	:read	nil
2024-05-18 14:27:34,213{GMT}	INFO	[jepsen worker 0] jepsen.util: 0	:ok	:read	[0 1 2 3]
2024-05-18 14:27:34,285{GMT}	INFO	[jepsen worker 0] jepsen.util: 0	:invoke	:read	nil
2024-05-18 14:27:34,289{GMT}	INFO	[jepsen worker 0] jepsen.util: 0	:ok	:read	[0 1 2 3]
2024-05-18 14:27:34,480{GMT}	INFO	[jepsen worker 0] jepsen.util: 0	:invoke	:read	nil
2024-05-18 14:27:34,484{GMT}	INFO	[jepsen worker 0] jepsen.util: 0	:ok	:read	[0 1 2 3]
2024-05-18 14:27:34,491{GMT}	INFO	[jepsen worker 0] jepsen.util: 0	:invoke	:read	nil
2024-05-18 14:27:34,495{GMT}	INFO	[jepsen worker 0] jepsen.util: 0	:ok	:read	[0 1 2 3]
2024-05-18 14:27:34,536{GMT}	INFO	[jepsen worker 0] jepsen.util: 0	:invoke	:read	nil
2024-05-18 14:27:34,542{GMT}	INFO	[jepsen worker 0] jepsen.util: 0	:ok	:read	[0 1 2 3]
2024-05-18 14:27:34,656{GMT}	INFO	[jepsen worker 0] jepsen.util: 0	:invoke	:read	nil
2024-05-18 14:27:34,663{GMT}	INFO	[jepsen worker 0] jepsen.util: 0	:ok	:read	[0 1 2 3]
2024-05-18 14:27:34,807{GMT}	INFO	[jepsen worker 0] jepsen.util: 0	:invoke	:broadcast	4
2024-05-18 14:27:34,810{GMT}	INFO	[jepsen worker 0] jepsen.util: 0	:ok	:broadcast	4
2024-05-18 14:27:34,880{GMT}	INFO	[jepsen worker 0] jepsen.util: 0	:invoke	:read	nil
2024-05-18 14:27:34,886{GMT}	INFO	[jepsen worker 0] jepsen.util: 0	:ok	:read	[4 0 1 2 3]
2024-05-18 14:27:34,941{GMT}	INFO	[jepsen worker 0] jepsen.util: 0	:invoke	:read	nil
2024-05-18 14:27:34,944{GMT}	INFO	[jepsen worker 0] jepsen.util: 0	:ok	:read	[4 0 1 2 3]
2024-05-18 14:27:35,140{GMT}	INFO	[jepsen worker 0] jepsen.util: 0	:invoke	:broadcast	5
2024-05-18 14:27:35,144{GMT}	INFO	[jepsen worker 0] jepsen.util: 0	:ok	:broadcast	5
2024-05-18 14:27:35,295{GMT}	INFO	[jepsen worker 0] jepsen.util: 0	:invoke	:read	nil
2024-05-18 14:27:35,300{GMT}	INFO	[jepsen worker 0] jepsen.util: 0	:ok	:read	[4 0 1 5 2 3]
2024-05-18 14:27:35,431{GMT}	INFO	[jepsen worker 0] jepsen.util: 0	:invoke	:broadcast	6
2024-05-18 14:27:35,436{GMT}	INFO	[jepsen worker 0] jepsen.util: 0	:ok	:broadcast	6
2024-05-18 14:27:35,450{GMT}	INFO	[jepsen worker 0] jepsen.util: 0	:invoke	:read	nil
2024-05-18 14:27:35,455{GMT}	INFO	[jepsen worker 0] jepsen.util: 0	:ok	:read	[4 0 1 5 2 3 6]
2024-05-18 14:27:35,488{GMT}	INFO	[jepsen worker 0] jepsen.util: 0	:invoke	:broadcast	7
2024-05-18 14:27:35,492{GMT}	INFO	[jepsen worker 0] jepsen.util: 0	:ok	:broadcast	7
2024-05-18 14:27:35,499{GMT}	INFO	[jepsen worker 0] jepsen.util: 0	:invoke	:broadcast	8
2024-05-18 14:27:35,504{GMT}	INFO	[jepsen worker 0] jepsen.util: 0	:ok	:broadcast	8
2024-05-18 14:27:35,694{GMT}	INFO	[jepsen worker 0] jepsen.util: 0	:invoke	:broadcast	9
2024-05-18 14:27:35,699{GMT}	INFO	[jepsen worker 0] jepsen.util: 0	:ok	:broadcast	9
2024-05-18 14:27:35,871{GMT}	INFO	[jepsen worker 0] jepsen.util: 0	:invoke	:broadcast	10
2024-05-18 14:27:35,874{GMT}	INFO	[jepsen worker 0] jepsen.util: 0	:ok	:broadcast	10
2024-05-18 14:27:35,985{GMT}	INFO	[jepsen worker 0] jepsen.util: 0	:invoke	:read	nil
2024-05-18 14:27:35,988{GMT}	INFO	[jepsen worker 0] jepsen.util: 0	:ok	:read	[4 7 5 8 10 2 0 1 9 3 6]
2024-05-18 14:27:36,132{GMT}	INFO	[jepsen worker 0] jepsen.util: 0	:invoke	:read	nil
2024-05-18 14:27:36,135{GMT}	INFO	[jepsen worker 0] jepsen.util: 0	:ok	:read	[4 7 5 8 10 2 0 1 9 3 6]
2024-05-18 14:27:36,309{GMT}	INFO	[jepsen worker 0] jepsen.util: 0	:invoke	:read	nil
2024-05-18 14:27:36,313{GMT}	INFO	[jepsen worker 0] jepsen.util: 0	:ok	:read	[4 7 5 8 10 2 0 1 9 3 6]
2024-05-18 14:27:36,483{GMT}	INFO	[jepsen worker 0] jepsen.util: 0	:invoke	:read	nil
2024-05-18 14:27:36,488{GMT}	INFO	[jepsen worker 0] jepsen.util: 0	:ok	:read	[4 7 5 8 10 2 0 1 9 3 6]
2024-05-18 14:27:36,546{GMT}	INFO	[jepsen worker 0] jepsen.util: 0	:invoke	:read	nil
2024-05-18 14:27:36,612{GMT}	INFO	[jepsen worker 0] jepsen.util: 0	:ok	:read	[4 7 5 8 10 2 0 1 9 3 6]
2024-05-18 14:27:36,614{GMT}	INFO	[jepsen worker 0] jepsen.util: 0	:invoke	:read	nil
2024-05-18 14:27:36,619{GMT}	INFO	[jepsen worker 0] jepsen.util: 0	:ok	:read	[4 7 5 8 10 2 0 1 9 3 6]
2024-05-18 14:27:36,777{GMT}	INFO	[jepsen worker 0] jepsen.util: 0	:invoke	:read	nil
2024-05-18 14:27:36,784{GMT}	INFO	[jepsen worker 0] jepsen.util: 0	:ok	:read	[4 7 5 8 10 2 0 1 9 3 6]
2024-05-18 14:27:37,052{GMT}	INFO	[jepsen worker 0] jepsen.util: 0	:invoke	:broadcast	11
2024-05-18 14:27:37,058{GMT}	INFO	[jepsen worker 0] jepsen.util: 0	:ok	:broadcast	11
2024-05-18 14:27:37,104{GMT}	INFO	[jepsen worker 0] jepsen.util: 0	:invoke	:read	nil
2024-05-18 14:27:37,110{GMT}	INFO	[jepsen worker 0] jepsen.util: 0	:ok	:read	[4 7 5 8 10 2 0 1 9 3 11 6]
2024-05-18 14:27:37,216{GMT}	INFO	[jepsen worker 0] jepsen.util: 0	:invoke	:broadcast	12
2024-05-18 14:27:37,221{GMT}	INFO	[jepsen worker 0] jepsen.util: 0	:ok	:broadcast	12
2024-05-18 14:27:37,222{GMT}	INFO	[jepsen worker 0] jepsen.util: 0	:invoke	:broadcast	13
2024-05-18 14:27:37,227{GMT}	INFO	[jepsen worker 0] jepsen.util: 0	:ok	:broadcast	13
2024-05-18 14:27:37,241{GMT}	INFO	[jepsen worker 0] jepsen.util: 0	:invoke	:read	nil
2024-05-18 14:27:37,248{GMT}	INFO	[jepsen worker 0] jepsen.util: 0	:ok	:read	[4 7 5 8 10 2 12 13 0 1 9 3 11 6]
2024-05-18 14:27:37,522{GMT}	INFO	[jepsen worker 0] jepsen.util: 0	:invoke	:read	nil
2024-05-18 14:27:37,529{GMT}	INFO	[jepsen worker 0] jepsen.util: 0	:ok	:read	[4 7 5 8 10 2 12 13 0 1 9 3 11 6]
2024-05-18 14:27:37,711{GMT}	INFO	[jepsen worker 0] jepsen.util: 0	:invoke	:read	nil
2024-05-18 14:27:37,718{GMT}	INFO	[jepsen worker 0] jepsen.util: 0	:ok	:read	[4 7 5 8 10 2 12 13 0 1 9 3 11 6]
2024-05-18 14:27:37,942{GMT}	INFO	[jepsen worker 0] jepsen.util: 0	:invoke	:read	nil
2024-05-18 14:27:37,949{GMT}	INFO	[jepsen worker 0] jepsen.util: 0	:ok	:read	[4 7 5 8 10 2 12 13 0 1 9 3 11 6]
2024-05-18 14:27:38,089{GMT}	INFO	[jepsen worker 0] jepsen.util: 0	:invoke	:read	nil
2024-05-18 14:27:38,094{GMT}	INFO	[jepsen worker 0] jepsen.util: 0	:ok	:read	[4 7 5 8 10 2 12 13 0 1 9 3 11 6]
2024-05-18 14:27:38,361{GMT}	INFO	[jepsen worker 0] jepsen.util: 0	:invoke	:read	nil
2024-05-18 14:27:38,367{GMT}	INFO	[jepsen worker 0] jepsen.util: 0	:ok	:read	[4 7 5 8 10 2 12 13 0 1 9 3 11 6]
2024-05-18 14:27:38,430{GMT}	INFO	[jepsen worker 0] jepsen.util: 0	:invoke	:broadcast	14
2024-05-18 14:27:38,436{GMT}	INFO	[jepsen worker 0] jepsen.util: 0	:ok	:broadcast	14
2024-05-18 14:27:38,550{GMT}	INFO	[jepsen worker 0] jepsen.util: 0	:invoke	:broadcast	15
2024-05-18 14:27:38,555{GMT}	INFO	[jepsen worker 0] jepsen.util: 0	:ok	:broadcast	15
2024-05-18 14:27:38,572{GMT}	INFO	[jepsen worker 0] jepsen.util: 0	:invoke	:read	nil
2024-05-18 14:27:38,577{GMT}	INFO	[jepsen worker 0] jepsen.util: 0	:ok	:read	[4 8 3 6 14 2 1 9 11 10 5 15 0 12 13 7]
2024-05-18 14:27:38,743{GMT}	INFO	[jepsen worker 0] jepsen.util: 0	:invoke	:broadcast	16
2024-05-18 14:27:38,748{GMT}	INFO	[jepsen worker 0] jepsen.util: 0	:ok	:broadcast	16
2024-05-18 14:27:38,851{GMT}	INFO	[jepsen worker 0] jepsen.util: 0	:invoke	:read	nil
2024-05-18 14:27:38,856{GMT}	INFO	[jepsen worker 0] jepsen.util: 0	:ok	:read	[4 8 3 6 14 2 16 1 9 11 10 5 15 0 12 13 7]
2024-05-18 14:27:39,016{GMT}	INFO	[jepsen worker 0] jepsen.util: 0	:invoke	:broadcast	17
2024-05-18 14:27:39,021{GMT}	INFO	[jepsen worker 0] jepsen.util: 0	:ok	:broadcast	17
2024-05-18 14:27:39,184{GMT}	INFO	[jepsen worker 0] jepsen.util: 0	:invoke	:read	nil
2024-05-18 14:27:39,189{GMT}	INFO	[jepsen worker 0] jepsen.util: 0	:ok	:read	[4 8 3 6 14 2 16 1 9 11 10 5 15 17 0 12 13 7]
2024-05-18 14:27:39,360{GMT}	INFO	[jepsen worker 0] jepsen.util: 0	:invoke	:read	nil
2024-05-18 14:27:39,365{GMT}	INFO	[jepsen worker 0] jepsen.util: 0	:ok	:read	[4 8 3 6 14 2 16 1 9 11 10 5 15 17 0 12 13 7]
2024-05-18 14:27:39,451{GMT}	INFO	[jepsen worker 0] jepsen.util: 0	:invoke	:broadcast	18
2024-05-18 14:27:39,456{GMT}	INFO	[jepsen worker 0] jepsen.util: 0	:ok	:broadcast	18
2024-05-18 14:27:39,599{GMT}	INFO	[jepsen worker 0] jepsen.util: 0	:invoke	:broadcast	19
2024-05-18 14:27:39,604{GMT}	INFO	[jepsen worker 0] jepsen.util: 0	:ok	:broadcast	19
2024-05-18 14:27:39,768{GMT}	INFO	[jepsen worker 0] jepsen.util: 0	:invoke	:read	nil
2024-05-18 14:27:39,772{GMT}	INFO	[jepsen worker 0] jepsen.util: 0	:ok	:read	[4 8 3 6 14 2 16 1 9 11 18 10 5 15 19 17 0 12 13 7]
2024-05-18 14:27:39,794{GMT}	INFO	[jepsen worker 0] jepsen.util: 0	:invoke	:broadcast	20
2024-05-18 14:27:39,796{GMT}	INFO	[jepsen worker 0] jepsen.util: 0	:ok	:broadcast	20
2024-05-18 14:27:40,004{GMT}	INFO	[jepsen worker 0] jepsen.util: 0	:invoke	:broadcast	21
2024-05-18 14:27:40,010{GMT}	INFO	[jepsen worker 0] jepsen.util: 0	:ok	:broadcast	21
2024-05-18 14:27:40,091{GMT}	INFO	[jepsen worker 0] jepsen.util: 0	:invoke	:broadcast	22
2024-05-18 14:27:40,096{GMT}	INFO	[jepsen worker 0] jepsen.util: 0	:ok	:broadcast	22
2024-05-18 14:27:40,289{GMT}	INFO	[jepsen worker 0] jepsen.util: 0	:invoke	:broadcast	23
2024-05-18 14:27:40,292{GMT}	INFO	[jepsen worker 0] jepsen.util: 0	:ok	:broadcast	23
2024-05-18 14:27:40,332{GMT}	INFO	[jepsen worker 0] jepsen.util: 0	:invoke	:read	nil
2024-05-18 14:27:40,335{GMT}	INFO	[jepsen worker 0] jepsen.util: 0	:ok	:read	[4 8 3 6 14 2 16 22 23 1 9 11 18 20 10 21 5 15 19 17 0 12 13 7]
2024-05-18 14:27:40,365{GMT}	INFO	[jepsen worker 0] jepsen.util: 0	:invoke	:read	nil
2024-05-18 14:27:40,369{GMT}	INFO	[jepsen worker 0] jepsen.util: 0	:ok	:read	[4 8 3 6 14 2 16 22 23 1 9 11 18 20 10 21 5 15 19 17 0 12 13 7]
2024-05-18 14:27:40,435{GMT}	INFO	[jepsen worker 0] jepsen.util: 0	:invoke	:read	nil
2024-05-18 14:27:40,441{GMT}	INFO	[jepsen worker 0] jepsen.util: 0	:ok	:read	[4 8 3 6 14 2 16 22 23 1 9 11 18 20 10 21 5 15 19 17 0 12 13 7]
2024-05-18 14:27:40,494{GMT}	INFO	[jepsen worker 0] jepsen.util: 0	:invoke	:read	nil
2024-05-18 14:27:40,501{GMT}	INFO	[jepsen worker 0] jepsen.util: 0	:ok	:read	[4 8 3 6 14 2 16 22 23 1 9 11 18 20 10 21 5 15 19 17 0 12 13 7]
2024-05-18 14:27:40,618{GMT}	INFO	[jepsen worker 0] jepsen.util: 0	:invoke	:broadcast	24
2024-05-18 14:27:40,621{GMT}	INFO	[jepsen worker 0] jepsen.util: 0	:ok	:broadcast	24
2024-05-18 14:27:40,729{GMT}	INFO	[jepsen worker 0] jepsen.util: 0	:invoke	:broadcast	25
2024-05-18 14:27:40,734{GMT}	INFO	[jepsen worker 0] jepsen.util: 0	:ok	:broadcast	25
2024-05-18 14:27:40,895{GMT}	INFO	[jepsen worker 0] jepsen.util: 0	:invoke	:broadcast	26
2024-05-18 14:27:40,898{GMT}	INFO	[jepsen worker 0] jepsen.util: 0	:ok	:broadcast	26
2024-05-18 14:27:41,010{GMT}	INFO	[jepsen worker 0] jepsen.util: 0	:invoke	:broadcast	27
2024-05-18 14:27:41,014{GMT}	INFO	[jepsen worker 0] jepsen.util: 0	:ok	:broadcast	27
2024-05-18 14:27:41,075{GMT}	INFO	[jepsen worker 0] jepsen.util: 0	:invoke	:broadcast	28
2024-05-18 14:27:41,080{GMT}	INFO	[jepsen worker 0] jepsen.util: 0	:ok	:broadcast	28
2024-05-18 14:27:41,199{GMT}	INFO	[jepsen worker 0] jepsen.util: 0	:invoke	:read	nil
2024-05-18 14:27:41,204{GMT}	INFO	[jepsen worker 0] jepsen.util: 0	:ok	:read	[7 14 22 28 2 24 27 9 21 10 15 19 17 0 13 6 4 8 16 25 1 11 18 20 26 5 3 23 12]
2024-05-18 14:27:41,277{GMT}	INFO	[jepsen worker 0] jepsen.util: 0	:invoke	:broadcast	29
2024-05-18 14:27:41,280{GMT}	INFO	[jepsen worker 0] jepsen.util: 0	:ok	:broadcast	29
2024-05-18 14:27:41,362{GMT}	INFO	[jepsen worker 0] jepsen.util: 0	:invoke	:read	nil
2024-05-18 14:27:41,367{GMT}	INFO	[jepsen worker 0] jepsen.util: 0	:ok	:read	[7 14 22 28 2 24 27 9 21 10 15 19 17 0 13 6 4 8 16 25 29 1 11 18 20 26 5 3 23 12]
2024-05-18 14:27:41,436{GMT}	INFO	[jepsen worker 0] jepsen.util: 0	:invoke	:broadcast	30
2024-05-18 14:27:41,439{GMT}	INFO	[jepsen worker 0] jepsen.util: 0	:ok	:broadcast	30
2024-05-18 14:27:41,531{GMT}	INFO	[jepsen worker 0] jepsen.util: 0	:invoke	:read	nil
2024-05-18 14:27:41,536{GMT}	INFO	[jepsen worker 0] jepsen.util: 0	:ok	:read	[7 14 22 28 2 24 27 9 21 10 15 19 17 0 30 13 6 4 8 16 25 29 1 11 18 20 26 5 3 23 12]
2024-05-18 14:27:41,636{GMT}	INFO	[jepsen worker 0] jepsen.util: 0	:invoke	:read	nil
2024-05-18 14:27:41,641{GMT}	INFO	[jepsen worker 0] jepsen.util: 0	:ok	:read	[7 14 22 28 2 24 27 9 21 10 15 19 17 0 30 13 6 4 8 16 25 29 1 11 18 20 26 5 3 23 12]
2024-05-18 14:27:41,741{GMT}	INFO	[jepsen worker 0] jepsen.util: 0	:invoke	:read	nil
2024-05-18 14:27:41,745{GMT}	INFO	[jepsen worker 0] jepsen.util: 0	:ok	:read	[7 14 22 28 2 24 27 9 21 10 15 19 17 0 30 13 6 4 8 16 25 29 1 11 18 20 26 5 3 23 12]
2024-05-18 14:27:41,838{GMT}	INFO	[jepsen worker 0] jepsen.util: 0	:invoke	:read	nil
2024-05-18 14:27:41,843{GMT}	INFO	[jepsen worker 0] jepsen.util: 0	:ok	:read	[7 14 22 28 2 24 27 9 21 10 15 19 17 0 30 13 6 4 8 16 25 29 1 11 18 20 26 5 3 23 12]
2024-05-18 14:27:41,982{GMT}	INFO	[jepsen worker 0] jepsen.util: 0	:invoke	:read	nil
2024-05-18 14:27:41,986{GMT}	INFO	[jepsen worker 0] jepsen.util: 0	:ok	:read	[7 14 22 28 2 24 27 9 21 10 15 19 17 0 30 13 6 4 8 16 25 29 1 11 18 20 26 5 3 23 12]
2024-05-18 14:27:42,072{GMT}	INFO	[jepsen worker 0] jepsen.util: 0	:invoke	:read	nil
2024-05-18 14:27:42,076{GMT}	INFO	[jepsen worker 0] jepsen.util: 0	:ok	:read	[7 14 22 28 2 24 27 9 21 10 15 19 17 0 30 13 6 4 8 16 25 29 1 11 18 20 26 5 3 23 12]
2024-05-18 14:27:42,268{GMT}	INFO	[jepsen worker 0] jepsen.util: 0	:invoke	:broadcast	31
2024-05-18 14:27:42,272{GMT}	INFO	[jepsen worker 0] jepsen.util: 0	:ok	:broadcast	31
2024-05-18 14:27:42,348{GMT}	INFO	[jepsen worker 0] jepsen.util: 0	:invoke	:read	nil
2024-05-18 14:27:42,353{GMT}	INFO	[jepsen worker 0] jepsen.util: 0	:ok	:read	[7 14 22 28 2 24 27 9 21 10 15 19 17 0 30 13 6 4 8 16 25 29 1 11 18 20 26 5 31 3 23 12]
2024-05-18 14:27:42,480{GMT}	INFO	[jepsen worker 0] jepsen.util: 0	:invoke	:read	nil
2024-05-18 14:27:42,485{GMT}	INFO	[jepsen worker 0] jepsen.util: 0	:ok	:read	[7 14 22 28 2 24 27 9 21 10 15 19 17 0 30 13 6 4 8 16 25 29 1 11 18 20 26 5 31 3 23 12]
2024-05-18 14:27:42,563{GMT}	INFO	[jepsen worker 0] jepsen.util: 0	:invoke	:read	nil
2024-05-18 14:27:42,566{GMT}	INFO	[jepsen worker 0] jepsen.util: 0	:ok	:read	[7 14 22 28 2 24 27 9 21 10 15 19 17 0 30 13 6 4 8 16 25 29 1 11 18 20 26 5 31 3 23 12]
2024-05-18 14:27:42,713{GMT}	INFO	[jepsen worker 0] jepsen.util: 0	:invoke	:read	nil
2024-05-18 14:27:42,717{GMT}	INFO	[jepsen worker 0] jepsen.util: 0	:ok	:read	[7 14 22 28 2 24 27 9 21 10 15 19 17 0 30 13 6 4 8 16 25 29 1 11 18 20 26 5 31 3 23 12]
2024-05-18 14:27:42,728{GMT}	INFO	[jepsen worker 0] jepsen.util: 0	:invoke	:read	nil
2024-05-18 14:27:42,732{GMT}	INFO	[jepsen worker 0] jepsen.util: 0	:ok	:read	[7 14 22 28 2 24 27 9 21 10 15 19 17 0 30 13 6 4 8 16 25 29 1 11 18 20 26 5 31 3 23 12]
2024-05-18 14:27:42,820{GMT}	INFO	[jepsen worker 0] jepsen.util: 0	:invoke	:read	nil
2024-05-18 14:27:42,825{GMT}	INFO	[jepsen worker 0] jepsen.util: 0	:ok	:read	[7 14 22 28 2 24 27 9 21 10 15 19 17 0 30 13 6 4 8 16 25 29 1 11 18 20 26 5 31 3 23 12]
2024-05-18 14:27:43,009{GMT}	INFO	[jepsen worker 0] jepsen.util: 0	:invoke	:read	nil
2024-05-18 14:27:43,013{GMT}	INFO	[jepsen worker 0] jepsen.util: 0	:ok	:read	[7 14 22 28 2 24 27 9 21 10 15 19 17 0 30 13 6 4 8 16 25 29 1 11 18 20 26 5 31 3 23 12]
2024-05-18 14:27:43,070{GMT}	INFO	[jepsen worker 0] jepsen.util: 0	:invoke	:broadcast	32
2024-05-18 14:27:43,075{GMT}	INFO	[jepsen worker 0] jepsen.util: 0	:ok	:broadcast	32
2024-05-18 14:27:43,180{GMT}	INFO	[jepsen worker 0] jepsen.util: 0	:invoke	:broadcast	33
2024-05-18 14:27:43,183{GMT}	INFO	[jepsen worker 0] jepsen.util: 0	:ok	:broadcast	33
2024-05-18 14:27:43,237{GMT}	INFO	[jepsen worker 0] jepsen.util: 0	:invoke	:broadcast	34
2024-05-18 14:27:43,241{GMT}	INFO	[jepsen worker 0] jepsen.util: 0	:ok	:broadcast	34
2024-05-18 14:27:43,303{GMT}	INFO	[jepsen worker 0] jepsen.util: 0	:invoke	:broadcast	35
2024-05-18 14:27:43,306{GMT}	INFO	[jepsen worker 0] jepsen.util: 0	:ok	:broadcast	35
2024-05-18 14:27:43,355{GMT}	INFO	[jepsen worker 0] jepsen.util: 0	:invoke	:read	nil
2024-05-18 14:27:43,360{GMT}	INFO	[jepsen worker 0] jepsen.util: 0	:ok	:read	[7 14 22 28 33 2 34 24 27 9 21 10 15 19 32 17 0 30 13 6 4 8 16 25 29 1 11 18 20 26 35 5 31 3 23 12]
2024-05-18 14:27:43,424{GMT}	INFO	[jepsen worker 0] jepsen.util: 0	:invoke	:broadcast	36
2024-05-18 14:27:43,427{GMT}	INFO	[jepsen worker 0] jepsen.util: 0	:ok	:broadcast	36
2024-05-18 14:27:43,442{GMT}	INFO	[jepsen worker 0] jepsen.util: 0	:invoke	:broadcast	37
2024-05-18 14:27:43,446{GMT}	INFO	[jepsen worker 0] jepsen.util: 0	:ok	:broadcast	37
2024-05-18 14:27:43,534{GMT}	INFO	[jepsen worker 0] jepsen.util: 0	:invoke	:read	nil
2024-05-18 14:27:43,537{GMT}	INFO	[jepsen worker 0] jepsen.util: 0	:ok	:read	[7 14 22 28 33 2 34 24 27 9 21 10 15 19 32 17 0 30 13 6 4 8 16 25 29 36 37 1 11 18 20 26 35 5 31 3 23 12]
2024-05-18 14:27:43,588{GMT}	INFO	[jepsen worker 0] jepsen.util: 0	:invoke	:read	nil
2024-05-18 14:27:43,592{GMT}	INFO	[jepsen worker 0] jepsen.util: 0	:ok	:read	[7 14 22 28 33 2 34 24 27 9 21 10 15 19 32 17 0 30 13 6 4 8 16 25 29 36 37 1 11 18 20 26 35 5 31 3 23 12]
2024-05-18 14:27:43,593{GMT}	INFO	[jepsen worker 0] jepsen.util: 0	:invoke	:read	nil
2024-05-18 14:27:43,597{GMT}	INFO	[jepsen worker 0] jepsen.util: 0	:ok	:read	[7 14 22 28 33 2 34 24 27 9 21 10 15 19 32 17 0 30 13 6 4 8 16 25 29 36 37 1 11 18 20 26 35 5 31 3 23 12]
2024-05-18 14:27:43,662{GMT}	INFO	[jepsen worker 0] jepsen.util: 0	:invoke	:read	nil
2024-05-18 14:27:43,668{GMT}	INFO	[jepsen worker 0] jepsen.util: 0	:ok	:read	[7 14 22 28 33 2 34 24 27 9 21 10 15 19 32 17 0 30 13 6 4 8 16 25 29 36 37 1 11 18 20 26 35 5 31 3 23 12]
2024-05-18 14:27:43,868{GMT}	INFO	[jepsen worker 0] jepsen.util: 0	:invoke	:read	nil
2024-05-18 14:27:43,871{GMT}	INFO	[jepsen worker 0] jepsen.util: 0	:ok	:read	[7 14 22 28 33 2 34 24 27 9 21 10 15 19 32 17 0 30 13 6 4 8 16 25 29 36 37 1 11 18 20 26 35 5 31 3 23 12]
2024-05-18 14:27:44,010{GMT}	INFO	[jepsen worker 0] jepsen.util: 0	:invoke	:read	nil
2024-05-18 14:27:44,014{GMT}	INFO	[jepsen worker 0] jepsen.util: 0	:ok	:read	[7 14 22 28 33 2 34 24 27 9 21 10 15 19 32 17 0 30 13 6 4 8 16 25 29 36 37 1 11 18 20 26 35 5 31 3 23 12]
2024-05-18 14:27:44,211{GMT}	INFO	[jepsen worker 0] jepsen.util: 0	:invoke	:read	nil
2024-05-18 14:27:44,216{GMT}	INFO	[jepsen worker 0] jepsen.util: 0	:ok	:read	[7 14 22 28 33 2 34 24 27 9 21 10 15 19 32 17 0 30 13 6 4 8 16 25 29 36 37 1 11 18 20 26 35 5 31 3 23 12]
2024-05-18 14:27:44,256{GMT}	INFO	[jepsen worker 0] jepsen.util: 0	:invoke	:read	nil
2024-05-18 14:27:44,260{GMT}	INFO	[jepsen worker 0] jepsen.util: 0	:ok	:read	[7 14 22 28 33 2 34 24 27 9 21 10 15 19 32 17 0 30 13 6 4 8 16 25 29 36 37 1 11 18 20 26 35 5 31 3 23 12]
2024-05-18 14:27:44,315{GMT}	INFO	[jepsen worker 0] jepsen.util: 0	:invoke	:broadcast	38
2024-05-18 14:27:44,319{GMT}	INFO	[jepsen worker 0] jepsen.util: 0	:ok	:broadcast	38
2024-05-18 14:27:44,438{GMT}	INFO	[jepsen worker 0] jepsen.util: 0	:invoke	:read	nil
2024-05-18 14:27:44,443{GMT}	INFO	[jepsen worker 0] jepsen.util: 0	:ok	:read	[7 14 22 28 33 2 34 24 38 27 9 21 10 15 19 32 17 0 30 13 6 4 8 16 25 29 36 37 1 11 18 20 26 35 5 31 3 23 12]
2024-05-18 14:27:44,606{GMT}	INFO	[jepsen worker 0] jepsen.util: 0	:invoke	:read	nil
2024-05-18 14:27:44,611{GMT}	INFO	[jepsen worker 0] jepsen.util: 0	:ok	:read	[7 14 22 28 33 2 34 24 38 27 9 21 10 15 19 32 17 0 30 13 6 4 8 16 25 29 36 37 1 11 18 20 26 35 5 31 3 23 12]
2024-05-18 14:27:44,664{GMT}	INFO	[jepsen worker 0] jepsen.util: 0	:invoke	:read	nil
2024-05-18 14:27:44,671{GMT}	INFO	[jepsen worker 0] jepsen.util: 0	:ok	:read	[7 14 22 28 33 2 34 24 38 27 9 21 10 15 19 32 17 0 30 13 6 4 8 16 25 29 36 37 1 11 18 20 26 35 5 31 3 23 12]
2024-05-18 14:27:44,724{GMT}	INFO	[jepsen worker 0] jepsen.util: 0	:invoke	:broadcast	39
2024-05-18 14:27:44,728{GMT}	INFO	[jepsen worker 0] jepsen.util: 0	:ok	:broadcast	39
2024-05-18 14:27:44,729{GMT}	INFO	[jepsen worker 0] jepsen.util: 0	:invoke	:read	nil
2024-05-18 14:27:44,733{GMT}	INFO	[jepsen worker 0] jepsen.util: 0	:ok	:read	[7 14 22 28 33 2 34 24 38 27 9 21 10 15 19 32 17 0 30 13 6 4 8 16 25 29 39 36 37 1 11 18 20 26 35 5 31 3 23 12]
2024-05-18 14:27:44,843{GMT}	INFO	[jepsen worker 0] jepsen.util: 0	:invoke	:read	nil
2024-05-18 14:27:44,846{GMT}	INFO	[jepsen worker 0] jepsen.util: 0	:ok	:read	[7 14 22 28 33 2 34 24 38 27 9 21 10 15 19 32 17 0 30 13 6 4 8 16 25 29 39 36 37 1 11 18 20 26 35 5 31 3 23 12]
2024-05-18 14:27:44,966{GMT}	INFO	[jepsen worker 0] jepsen.util: 0	:invoke	:read	nil
2024-05-18 14:27:44,972{GMT}	INFO	[jepsen worker 0] jepsen.util: 0	:ok	:read	[7 14 22 28 33 2 34 24 38 27 9 21 10 15 19 32 17 0 30 13 6 4 8 16 25 29 39 36 37 1 11 18 20 26 35 5 31 3 23 12]
2024-05-18 14:27:45,160{GMT}	INFO	[jepsen worker 0] jepsen.util: 0	:invoke	:read	nil
2024-05-18 14:27:45,164{GMT}	INFO	[jepsen worker 0] jepsen.util: 0	:ok	:read	[7 14 22 28 33 2 34 24 38 27 9 21 10 15 19 32 17 0 30 13 6 4 8 16 25 29 39 36 37 1 11 18 20 26 35 5 31 3 23 12]
2024-05-18 14:27:45,311{GMT}	INFO	[jepsen worker 0] jepsen.util: 0	:invoke	:read	nil
2024-05-18 14:27:45,315{GMT}	INFO	[jepsen worker 0] jepsen.util: 0	:ok	:read	[7 14 22 28 33 2 34 24 38 27 9 21 10 15 19 32 17 0 30 13 6 4 8 16 25 29 39 36 37 1 11 18 20 26 35 5 31 3 23 12]
2024-05-18 14:27:45,384{GMT}	INFO	[jepsen worker 0] jepsen.util: 0	:invoke	:read	nil
2024-05-18 14:27:45,389{GMT}	INFO	[jepsen worker 0] jepsen.util: 0	:ok	:read	[7 14 22 28 33 2 34 24 38 27 9 21 10 15 19 32 17 0 30 13 6 4 8 16 25 29 39 36 37 1 11 18 20 26 35 5 31 3 23 12]
2024-05-18 14:27:45,532{GMT}	INFO	[jepsen worker 0] jepsen.util: 0	:invoke	:read	nil
2024-05-18 14:27:45,536{GMT}	INFO	[jepsen worker 0] jepsen.util: 0	:ok	:read	[7 14 22 28 33 2 34 24 38 27 9 21 10 15 19 32 17 0 30 13 6 4 8 16 25 29 39 36 37 1 11 18 20 26 35 5 31 3 23 12]
2024-05-18 14:27:45,659{GMT}	INFO	[jepsen worker 0] jepsen.util: 0	:invoke	:broadcast	40
2024-05-18 14:27:45,663{GMT}	INFO	[jepsen worker 0] jepsen.util: 0	:ok	:broadcast	40
2024-05-18 14:27:45,758{GMT}	INFO	[jepsen worker 0] jepsen.util: 0	:invoke	:read	nil
2024-05-18 14:27:45,762{GMT}	INFO	[jepsen worker 0] jepsen.util: 0	:ok	:read	[7 14 22 28 33 2 34 24 38 27 9 40 21 10 15 19 32 17 0 30 13 6 4 8 16 25 29 39 36 37 1 11 18 20 26 35 5 31 3 23 12]
2024-05-18 14:27:45,887{GMT}	INFO	[jepsen worker 0] jepsen.util: 0	:invoke	:broadcast	41
2024-05-18 14:27:45,890{GMT}	INFO	[jepsen worker 0] jepsen.util: 0	:ok	:broadcast	41
2024-05-18 14:27:46,007{GMT}	INFO	[jepsen worker 0] jepsen.util: 0	:invoke	:read	nil
2024-05-18 14:27:46,010{GMT}	INFO	[jepsen worker 0] jepsen.util: 0	:ok	:read	[7 14 22 28 33 2 34 24 38 27 9 40 21 10 15 19 32 17 0 30 13 6 4 8 16 25 29 39 36 37 1 11 18 20 26 35 41 5 31 3 23 12]
2024-05-18 14:27:46,163{GMT}	INFO	[jepsen worker 0] jepsen.util: 0	:invoke	:read	nil
2024-05-18 14:27:46,167{GMT}	INFO	[jepsen worker 0] jepsen.util: 0	:ok	:read	[7 14 22 28 33 2 34 24 38 27 9 40 21 10 15 19 32 17 0 30 13 6 4 8 16 25 29 39 36 37 1 11 18 20 26 35 41 5 31 3 23 12]
2024-05-18 14:27:46,360{GMT}	INFO	[jepsen worker 0] jepsen.util: 0	:invoke	:read	nil
2024-05-18 14:27:46,364{GMT}	INFO	[jepsen worker 0] jepsen.util: 0	:ok	:read	[7 14 22 28 33 2 34 24 38 27 9 40 21 10 15 19 32 17 0 30 13 6 4 8 16 25 29 39 36 37 1 11 18 20 26 35 41 5 31 3 23 12]
2024-05-18 14:27:46,540{GMT}	INFO	[jepsen worker 0] jepsen.util: 0	:invoke	:broadcast	42
2024-05-18 14:27:46,543{GMT}	INFO	[jepsen worker 0] jepsen.util: 0	:ok	:broadcast	42
2024-05-18 14:27:46,687{GMT}	INFO	[jepsen worker 0] jepsen.util: 0	:invoke	:broadcast	43
2024-05-18 14:27:46,691{GMT}	INFO	[jepsen worker 0] jepsen.util: 0	:ok	:broadcast	43
2024-05-18 14:27:46,771{GMT}	INFO	[jepsen worker 0] jepsen.util: 0	:invoke	:read	nil
2024-05-18 14:27:46,774{GMT}	INFO	[jepsen worker 0] jepsen.util: 0	:ok	:read	[7 14 22 28 33 2 34 24 38 27 9 40 21 10 15 19 32 17 0 30 13 6 4 8 16 25 29 39 36 37 43 1 11 18 20 26 35 41 5 42 31 3 23 12]
2024-05-18 14:27:46,965{GMT}	INFO	[jepsen worker 0] jepsen.util: 0	:invoke	:broadcast	44
2024-05-18 14:27:46,968{GMT}	INFO	[jepsen worker 0] jepsen.util: 0	:ok	:broadcast	44
2024-05-18 14:27:47,128{GMT}	INFO	[jepsen worker 0] jepsen.util: 0	:invoke	:broadcast	45
2024-05-18 14:27:47,131{GMT}	INFO	[jepsen worker 0] jepsen.util: 0	:ok	:broadcast	45
2024-05-18 14:27:47,267{GMT}	INFO	[jepsen worker 0] jepsen.util: 0	:invoke	:broadcast	46
2024-05-18 14:27:47,274{GMT}	INFO	[jepsen worker 0] jepsen.util: 0	:ok	:broadcast	46
2024-05-18 14:27:47,436{GMT}	INFO	[jepsen worker 0] jepsen.util: 0	:invoke	:read	nil
2024-05-18 14:27:47,441{GMT}	INFO	[jepsen worker 0] jepsen.util: 0	:ok	:read	[7 14 22 28 33 2 34 45 24 38 27 9 40 46 21 10 15 19 32 17 0 30 13 6 4 8 16 25 29 39 36 37 43 1 11 18 20 26 35 41 5 44 42 31 3 23 12]
2024-05-18 14:27:47,607{GMT}	INFO	[jepsen worker 0] jepsen.util: 0	:invoke	:broadcast	47
2024-05-18 14:27:47,610{GMT}	INFO	[jepsen worker 0] jepsen.util: 0	:ok	:broadcast	47
2024-05-18 14:27:47,633{GMT}	INFO	[jepsen worker 0] jepsen.util: 0	:invoke	:read	nil
2024-05-18 14:27:47,637{GMT}	INFO	[jepsen worker 0] jepsen.util: 0	:ok	:read	[7 14 22 28 33 2 34 45 24 38 27 9 40 46 21 10 15 19 47 32 17 0 30 13 6 4 8 16 25 29 39 36 37 43 1 11 18 20 26 35 41 5 44 42 31 3 23 12]
2024-05-18 14:27:47,648{GMT}	INFO	[jepsen worker 0] jepsen.util: 0	:invoke	:read	nil
2024-05-18 14:27:47,654{GMT}	INFO	[jepsen worker 0] jepsen.util: 0	:ok	:read	[7 14 22 28 33 2 34 45 24 38 27 9 40 46 21 10 15 19 47 32 17 0 30 13 6 4 8 16 25 29 39 36 37 43 1 11 18 20 26 35 41 5 44 42 31 3 23 12]
2024-05-18 14:27:47,759{GMT}	INFO	[jepsen worker 0] jepsen.util: 0	:invoke	:read	nil
2024-05-18 14:27:47,765{GMT}	INFO	[jepsen worker 0] jepsen.util: 0	:ok	:read	[7 14 22 28 33 2 34 45 24 38 27 9 40 46 21 10 15 19 47 32 17 0 30 13 6 4 8 16 25 29 39 36 37 43 1 11 18 20 26 35 41 5 44 42 31 3 23 12]
2024-05-18 14:27:47,898{GMT}	INFO	[jepsen worker 0] jepsen.util: 0	:invoke	:read	nil
2024-05-18 14:27:47,903{GMT}	INFO	[jepsen worker 0] jepsen.util: 0	:ok	:read	[7 14 22 28 33 2 34 45 24 38 27 9 40 46 21 10 15 19 47 32 17 0 30 13 6 4 8 16 25 29 39 36 37 43 1 11 18 20 26 35 41 5 44 42 31 3 23 12]
2024-05-18 14:27:48,039{GMT}	INFO	[jepsen worker 0] jepsen.util: 0	:invoke	:broadcast	48
2024-05-18 14:27:48,043{GMT}	INFO	[jepsen worker 0] jepsen.util: 0	:ok	:broadcast	48
2024-05-18 14:27:48,220{GMT}	INFO	[jepsen worker 0] jepsen.util: 0	:invoke	:read	nil
2024-05-18 14:27:48,225{GMT}	INFO	[jepsen worker 0] jepsen.util: 0	:ok	:read	[7 14 22 28 33 2 34 45 24 38 27 9 40 46 21 10 15 19 47 32 17 0 30 13 6 4 8 16 25 29 39 36 37 43 48 1 11 18 20 26 35 41 5 44 42 31 3 23 12]
2024-05-18 14:27:48,245{GMT}	INFO	[jepsen worker 0] jepsen.util: 0	:invoke	:broadcast	49
2024-05-18 14:27:48,250{GMT}	INFO	[jepsen worker 0] jepsen.util: 0	:ok	:broadcast	49
2024-05-18 14:27:48,318{GMT}	INFO	[jepsen worker 0] jepsen.util: 0	:invoke	:broadcast	50
2024-05-18 14:27:48,322{GMT}	INFO	[jepsen worker 0] jepsen.util: 0	:ok	:broadcast	50
2024-05-18 14:27:48,442{GMT}	INFO	[jepsen worker 0] jepsen.util: 0	:invoke	:read	nil
2024-05-18 14:27:48,446{GMT}	INFO	[jepsen worker 0] jepsen.util: 0	:ok	:read	[7 14 22 28 33 2 34 45 49 24 38 27 9 40 46 21 10 15 19 47 32 17 0 30 13 6 4 8 16 25 29 39 36 37 43 48 50 1 11 18 20 26 35 41 5 44 42 31 3 23 12]
2024-05-18 14:27:48,624{GMT}	INFO	[jepsen worker 0] jepsen.util: 0	:invoke	:broadcast	51
2024-05-18 14:27:48,627{GMT}	INFO	[jepsen worker 0] jepsen.util: 0	:ok	:broadcast	51
2024-05-18 14:27:48,808{GMT}	INFO	[jepsen worker 0] jepsen.util: 0	:invoke	:broadcast	52
2024-05-18 14:27:48,813{GMT}	INFO	[jepsen worker 0] jepsen.util: 0	:ok	:broadcast	52
2024-05-18 14:27:48,861{GMT}	INFO	[jepsen worker 0] jepsen.util: 0	:invoke	:broadcast	53
2024-05-18 14:27:48,865{GMT}	INFO	[jepsen worker 0] jepsen.util: 0	:ok	:broadcast	53
2024-05-18 14:27:48,868{GMT}	INFO	[jepsen worker 0] jepsen.util: 0	:invoke	:read	nil
2024-05-18 14:27:48,874{GMT}	INFO	[jepsen worker 0] jepsen.util: 0	:ok	:read	[7 14 22 28 33 2 34 45 49 24 38 27 9 40 46 21 10 52 53 15 19 47 32 17 0 30 13 6 4 8 16 25 29 39 36 37 43 48 50 1 11 18 20 26 35 41 5 44 42 31 51 3 23 12]
2024-05-18 14:27:48,921{GMT}	INFO	[jepsen worker 0] jepsen.util: 0	:invoke	:read	nil
2024-05-18 14:27:48,928{GMT}	INFO	[jepsen worker 0] jepsen.util: 0	:ok	:read	[7 14 22 28 33 2 34 45 49 24 38 27 9 40 46 21 10 52 53 15 19 47 32 17 0 30 13 6 4 8 16 25 29 39 36 37 43 48 50 1 11 18 20 26 35 41 5 44 42 31 51 3 23 12]
2024-05-18 14:27:49,109{GMT}	INFO	[jepsen worker 0] jepsen.util: 0	:invoke	:read	nil
2024-05-18 14:27:49,114{GMT}	INFO	[jepsen worker 0] jepsen.util: 0	:ok	:read	[7 14 22 28 33 2 34 45 49 24 38 27 9 40 46 21 10 52 53 15 19 47 32 17 0 30 13 6 4 8 16 25 29 39 36 37 43 48 50 1 11 18 20 26 35 41 5 44 42 31 51 3 23 12]
2024-05-18 14:27:49,184{GMT}	INFO	[jepsen worker 0] jepsen.util: 0	:invoke	:broadcast	54
2024-05-18 14:27:49,188{GMT}	INFO	[jepsen worker 0] jepsen.util: 0	:ok	:broadcast	54
2024-05-18 14:27:49,377{GMT}	INFO	[jepsen worker 0] jepsen.util: 0	:invoke	:read	nil
2024-05-18 14:27:49,380{GMT}	INFO	[jepsen worker 0] jepsen.util: 0	:ok	:read	[7 14 22 28 33 2 34 45 49 24 38 27 9 40 46 21 10 52 53 15 19 47 32 17 0 30 13 6 4 8 16 25 29 39 36 37 43 48 50 1 11 18 20 26 35 41 5 44 42 31 54 51 3 23 12]
2024-05-18 14:27:49,471{GMT}	INFO	[jepsen worker 0] jepsen.util: 0	:invoke	:read	nil
2024-05-18 14:27:49,475{GMT}	INFO	[jepsen worker 0] jepsen.util: 0	:ok	:read	[7 14 22 28 33 2 34 45 49 24 38 27 9 40 46 21 10 52 53 15 19 47 32 17 0 30 13 6 4 8 16 25 29 39 36 37 43 48 50 1 11 18 20 26 35 41 5 44 42 31 54 51 3 23 12]
2024-05-18 14:27:49,550{GMT}	INFO	[jepsen worker 0] jepsen.util: 0	:invoke	:read	nil
2024-05-18 14:27:49,554{GMT}	INFO	[jepsen worker 0] jepsen.util: 0	:ok	:read	[7 14 22 28 33 2 34 45 49 24 38 27 9 40 46 21 10 52 53 15 19 47 32 17 0 30 13 6 4 8 16 25 29 39 36 37 43 48 50 1 11 18 20 26 35 41 5 44 42 31 54 51 3 23 12]
2024-05-18 14:27:49,749{GMT}	INFO	[jepsen worker 0] jepsen.util: 0	:invoke	:read	nil
2024-05-18 14:27:49,754{GMT}	INFO	[jepsen worker 0] jepsen.util: 0	:ok	:read	[7 14 22 28 33 2 34 45 49 24 38 27 9 40 46 21 10 52 53 15 19 47 32 17 0 30 13 6 4 8 16 25 29 39 36 37 43 48 50 1 11 18 20 26 35 41 5 44 42 31 54 51 3 23 12]
2024-05-18 14:27:49,755{GMT}	INFO	[jepsen worker 0] jepsen.util: 0	:invoke	:read	nil
2024-05-18 14:27:49,760{GMT}	INFO	[jepsen worker 0] jepsen.util: 0	:ok	:read	[7 14 22 28 33 2 34 45 49 24 38 27 9 40 46 21 10 52 53 15 19 47 32 17 0 30 13 6 4 8 16 25 29 39 36 37 43 48 50 1 11 18 20 26 35 41 5 44 42 31 54 51 3 23 12]
2024-05-18 14:27:49,911{GMT}	INFO	[jepsen worker 0] jepsen.util: 0	:invoke	:broadcast	55
2024-05-18 14:27:49,914{GMT}	INFO	[jepsen worker 0] jepsen.util: 0	:ok	:broadcast	55
2024-05-18 14:27:50,053{GMT}	INFO	[jepsen worker 0] jepsen.util: 0	:invoke	:broadcast	56
2024-05-18 14:27:50,055{GMT}	INFO	[jepsen worker 0] jepsen.util: 0	:ok	:broadcast	56
2024-05-18 14:27:50,063{GMT}	INFO	[jepsen worker 0] jepsen.util: 0	:invoke	:broadcast	57
2024-05-18 14:27:50,065{GMT}	INFO	[jepsen worker 0] jepsen.util: 0	:ok	:broadcast	57
2024-05-18 14:27:50,154{GMT}	INFO	[jepsen worker 0] jepsen.util: 0	:invoke	:read	nil
2024-05-18 14:27:50,157{GMT}	INFO	[jepsen worker 0] jepsen.util: 0	:ok	:read	[14 22 2 49 55 24 38 27 9 46 15 19 47 32 30 13 6 8 16 25 39 43 48 36 50 18 44 20 26 41 5 57 28 33 3 23 34 12 53 45 56 52 40 21 10 17 0 4 29 54 37 1 11 35 42 31 51 7]
2024-05-18 14:27:50,201{GMT}	INFO	[jepsen worker 0] jepsen.util: 0	:invoke	:broadcast	58
2024-05-18 14:27:50,205{GMT}	INFO	[jepsen worker 0] jepsen.util: 0	:ok	:broadcast	58
2024-05-18 14:27:50,364{GMT}	INFO	[jepsen worker 0] jepsen.util: 0	:invoke	:broadcast	59
2024-05-18 14:27:50,368{GMT}	INFO	[jepsen worker 0] jepsen.util: 0	:ok	:broadcast	59
2024-05-18 14:27:50,491{GMT}	INFO	[jepsen worker 0] jepsen.util: 0	:invoke	:broadcast	60
2024-05-18 14:27:50,495{GMT}	INFO	[jepsen worker 0] jepsen.util: 0	:ok	:broadcast	60
2024-05-18 14:27:50,543{GMT}	INFO	[jepsen worker 0] jepsen.util: 0	:invoke	:read	nil
2024-05-18 14:27:50,548{GMT}	INFO	[jepsen worker 0] jepsen.util: 0	:ok	:read	[14 22 2 49 55 24 38 27 9 46 15 19 47 32 60 30 13 6 8 16 25 39 43 48 36 50 18 44 20 26 41 58 5 57 59 28 33 3 23 34 12 53 45 56 52 40 21 10 17 0 4 29 54 37 1 11 35 42 31 51 7]
2024-05-18 14:27:50,714{GMT}	INFO	[jepsen worker 0] jepsen.util: 0	:invoke	:broadcast	61
2024-05-18 14:27:50,718{GMT}	INFO	[jepsen worker 0] jepsen.util: 0	:ok	:broadcast	61
2024-05-18 14:27:50,826{GMT}	INFO	[jepsen worker 0] jepsen.util: 0	:invoke	:read	nil
2024-05-18 14:27:50,831{GMT}	INFO	[jepsen worker 0] jepsen.util: 0	:ok	:read	[14 22 2 49 55 24 38 27 9 46 15 19 47 32 60 30 13 6 8 16 25 39 43 48 36 50 18 44 20 26 41 58 5 57 59 28 33 3 23 34 12 53 45 56 52 40 21 10 17 0 4 29 54 37 61 1 11 35 42 31 51 7]
2024-05-18 14:27:50,881{GMT}	INFO	[jepsen worker 0] jepsen.util: 0	:invoke	:broadcast	62
2024-05-18 14:27:50,884{GMT}	INFO	[jepsen worker 0] jepsen.util: 0	:ok	:broadcast	62
2024-05-18 14:27:51,057{GMT}	INFO	[jepsen worker 0] jepsen.util: 0	:invoke	:read	nil
2024-05-18 14:27:51,061{GMT}	INFO	[jepsen worker 0] jepsen.util: 0	:ok	:read	[14 22 2 49 55 24 38 27 9 46 15 19 47 32 60 30 13 6 8 16 25 39 43 48 36 50 18 44 20 26 41 58 5 57 59 28 33 3 23 34 12 53 45 56 52 40 62 21 10 17 0 4 29 54 37 61 1 11 35 42 31 51 7]
2024-05-18 14:27:51,196{GMT}	INFO	[jepsen worker 0] jepsen.util: 0	:invoke	:broadcast	63
2024-05-18 14:27:51,199{GMT}	INFO	[jepsen worker 0] jepsen.util: 0	:ok	:broadcast	63
2024-05-18 14:27:51,208{GMT}	INFO	[jepsen worker 0] jepsen.util: 0	:invoke	:broadcast	64
2024-05-18 14:27:51,211{GMT}	INFO	[jepsen worker 0] jepsen.util: 0	:ok	:broadcast	64
2024-05-18 14:27:51,338{GMT}	INFO	[jepsen worker 0] jepsen.util: 0	:invoke	:broadcast	65
2024-05-18 14:27:51,340{GMT}	INFO	[jepsen worker 0] jepsen.util: 0	:ok	:broadcast	65
2024-05-18 14:27:51,523{GMT}	INFO	[jepsen worker 0] jepsen.util: 0	:invoke	:read	nil
2024-05-18 14:27:51,527{GMT}	INFO	[jepsen worker 0] jepsen.util: 0	:ok	:read	[14 22 2 49 55 65 24 38 27 9 46 63 15 19 47 32 60 30 13 6 8 16 25 39 43 48 36 50 18 44 20 26 41 58 5 57 59 28 33 3 23 34 12 53 45 56 52 40 62 21 10 64 17 0 4 29 54 37 61 1 11 35 42 31 51 7]
2024-05-18 14:27:51,586{GMT}	INFO	[jepsen worker 0] jepsen.util: 0	:invoke	:read	nil
2024-05-18 14:27:51,590{GMT}	INFO	[jepsen worker 0] jepsen.util: 0	:ok	:read	[14 22 2 49 55 65 24 38 27 9 46 63 15 19 47 32 60 30 13 6 8 16 25 39 43 48 36 50 18 44 20 26 41 58 5 57 59 28 33 3 23 34 12 53 45 56 52 40 62 21 10 64 17 0 4 29 54 37 61 1 11 35 42 31 51 7]
2024-05-18 14:27:51,702{GMT}	INFO	[jepsen worker 0] jepsen.util: 0	:invoke	:read	nil
2024-05-18 14:27:51,706{GMT}	INFO	[jepsen worker 0] jepsen.util: 0	:ok	:read	[14 22 2 49 55 65 24 38 27 9 46 63 15 19 47 32 60 30 13 6 8 16 25 39 43 48 36 50 18 44 20 26 41 58 5 57 59 28 33 3 23 34 12 53 45 56 52 40 62 21 10 64 17 0 4 29 54 37 61 1 11 35 42 31 51 7]
2024-05-18 14:27:51,779{GMT}	INFO	[jepsen worker 0] jepsen.util: 0	:invoke	:read	nil
2024-05-18 14:27:51,783{GMT}	INFO	[jepsen worker 0] jepsen.util: 0	:ok	:read	[14 22 2 49 55 65 24 38 27 9 46 63 15 19 47 32 60 30 13 6 8 16 25 39 43 48 36 50 18 44 20 26 41 58 5 57 59 28 33 3 23 34 12 53 45 56 52 40 62 21 10 64 17 0 4 29 54 37 61 1 11 35 42 31 51 7]
2024-05-18 14:27:51,797{GMT}	INFO	[jepsen worker 0] jepsen.util: 0	:invoke	:broadcast	66
2024-05-18 14:27:51,800{GMT}	INFO	[jepsen worker 0] jepsen.util: 0	:ok	:broadcast	66
2024-05-18 14:27:52,007{GMT}	INFO	[jepsen worker 0] jepsen.util: 0	:invoke	:read	nil
2024-05-18 14:27:52,010{GMT}	INFO	[jepsen worker 0] jepsen.util: 0	:ok	:read	[14 22 2 49 55 65 24 38 27 9 46 63 15 19 47 32 60 30 13 6 8 16 25 39 43 48 36 50 18 44 20 26 41 58 5 57 59 28 33 3 23 34 12 53 45 56 66 52 40 62 21 10 64 17 0 4 29 54 37 61 1 11 35 42 31 51 7]
2024-05-18 14:27:52,135{GMT}	INFO	[jepsen worker 0] jepsen.util: 0	:invoke	:read	nil
2024-05-18 14:27:52,139{GMT}	INFO	[jepsen worker 0] jepsen.util: 0	:ok	:read	[14 22 2 49 55 65 24 38 27 9 46 63 15 19 47 32 60 30 13 6 8 16 25 39 43 48 36 50 18 44 20 26 41 58 5 57 59 28 33 3 23 34 12 53 45 56 66 52 40 62 21 10 64 17 0 4 29 54 37 61 1 11 35 42 31 51 7]
2024-05-18 14:27:52,289{GMT}	INFO	[jepsen worker 0] jepsen.util: 0	:invoke	:broadcast	67
2024-05-18 14:27:52,292{GMT}	INFO	[jepsen worker 0] jepsen.util: 0	:ok	:broadcast	67
2024-05-18 14:27:52,327{GMT}	INFO	[jepsen worker 0] jepsen.util: 0	:invoke	:broadcast	68
2024-05-18 14:27:52,329{GMT}	INFO	[jepsen worker 0] jepsen.util: 0	:ok	:broadcast	68
2024-05-18 14:27:52,444{GMT}	INFO	[jepsen worker 0] jepsen.util: 0	:invoke	:broadcast	69
2024-05-18 14:27:52,447{GMT}	INFO	[jepsen worker 0] jepsen.util: 0	:ok	:broadcast	69
2024-05-18 14:27:52,578{GMT}	INFO	[jepsen worker 0] jepsen.util: 0	:invoke	:read	nil
2024-05-18 14:27:52,583{GMT}	INFO	[jepsen worker 0] jepsen.util: 0	:ok	:read	[14 22 2 49 55 65 24 38 27 9 46 63 15 19 47 32 60 30 13 6 8 16 25 39 43 48 36 50 18 44 20 26 41 58 5 57 59 28 33 3 23 34 12 53 45 56 66 69 52 40 62 21 10 64 17 0 68 4 29 54 37 61 1 11 35 42 31 67 51 7]
2024-05-18 14:27:52,664{GMT}	INFO	[jepsen worker 0] jepsen.util: 0	:invoke	:broadcast	70
2024-05-18 14:27:52,667{GMT}	INFO	[jepsen worker 0] jepsen.util: 0	:ok	:broadcast	70
2024-05-18 14:27:52,778{GMT}	INFO	[jepsen worker 0] jepsen.util: 0	:invoke	:broadcast	71
2024-05-18 14:27:52,781{GMT}	INFO	[jepsen worker 0] jepsen.util: 0	:ok	:broadcast	71
2024-05-18 14:27:52,798{GMT}	INFO	[jepsen worker 0] jepsen.util: 0	:invoke	:read	nil
2024-05-18 14:27:52,801{GMT}	INFO	[jepsen worker 0] jepsen.util: 0	:ok	:read	[14 22 2 49 55 65 24 38 27 9 46 63 15 19 47 32 60 30 13 6 8 16 25 39 43 48 36 50 18 44 20 26 41 58 5 57 59 28 33 3 23 34 12 53 45 56 66 69 52 40 62 21 10 64 17 0 68 71 4 29 54 37 61 1 11 35 70 42 31 67 51 7]
2024-05-18 14:27:52,801{GMT}	INFO	[jepsen worker 0] jepsen.util: 0	:invoke	:read	nil
2024-05-18 14:27:52,804{GMT}	INFO	[jepsen worker 0] jepsen.util: 0	:ok	:read	[14 22 2 49 55 65 24 38 27 9 46 63 15 19 47 32 60 30 13 6 8 16 25 39 43 48 36 50 18 44 20 26 41 58 5 57 59 28 33 3 23 34 12 53 45 56 66 69 52 40 62 21 10 64 17 0 68 71 4 29 54 37 61 1 11 35 70 42 31 67 51 7]
2024-05-18 14:27:52,818{GMT}	INFO	[jepsen worker 0] jepsen.util: 0	:invoke	:broadcast	72
2024-05-18 14:27:52,822{GMT}	INFO	[jepsen worker 0] jepsen.util: 0	:ok	:broadcast	72
2024-05-18 14:27:52,873{GMT}	INFO	[jepsen worker 0] jepsen.util: 0	:invoke	:broadcast	73
2024-05-18 14:27:52,877{GMT}	INFO	[jepsen worker 0] jepsen.util: 0	:ok	:broadcast	73
2024-05-18 14:27:52,952{GMT}	INFO	[jepsen worker 0] jepsen.util: 0	:invoke	:read	nil
2024-05-18 14:27:52,956{GMT}	INFO	[jepsen worker 0] jepsen.util: 0	:ok	:read	[14 22 2 49 55 65 24 38 27 9 46 63 15 19 47 32 60 30 13 6 8 16 25 39 43 48 36 50 18 44 20 26 73 41 58 5 57 59 28 33 3 23 34 12 53 45 56 66 69 52 40 62 21 10 72 64 17 0 68 71 4 29 54 37 61 1 11 35 70 42 31 67 51 7]
2024-05-18 14:27:52,995{GMT}	INFO	[jepsen worker 0] jepsen.util: 0	:invoke	:read	nil
2024-05-18 14:27:53,000{GMT}	INFO	[jepsen worker 0] jepsen.util: 0	:ok	:read	[14 22 2 49 55 65 24 38 27 9 46 63 15 19 47 32 60 30 13 6 8 16 25 39 43 48 36 50 18 44 20 26 73 41 58 5 57 59 28 33 3 23 34 12 53 45 56 66 69 52 40 62 21 10 72 64 17 0 68 71 4 29 54 37 61 1 11 35 70 42 31 67 51 7]
2024-05-18 14:27:53,063{GMT}	INFO	[jepsen worker 0] jepsen.util: 0	:invoke	:read	nil
2024-05-18 14:27:53,072{GMT}	INFO	[jepsen worker 0] jepsen.util: 0	:ok	:read	[14 22 2 49 55 65 24 38 27 9 46 63 15 19 47 32 60 30 13 6 8 16 25 39 43 48 36 50 18 44 20 26 73 41 58 5 57 59 28 33 3 23 34 12 53 45 56 66 69 52 40 62 21 10 72 64 17 0 68 71 4 29 54 37 61 1 11 35 70 42 31 67 51 7]
2024-05-18 14:27:53,236{GMT}	INFO	[jepsen worker 0] jepsen.util: 0	:invoke	:broadcast	74
2024-05-18 14:27:53,240{GMT}	INFO	[jepsen worker 0] jepsen.util: 0	:ok	:broadcast	74
2024-05-18 14:27:53,279{GMT}	INFO	[jepsen worker 0] jepsen.util: 0	:invoke	:read	nil
2024-05-18 14:27:53,283{GMT}	INFO	[jepsen worker 0] jepsen.util: 0	:ok	:read	[14 22 2 49 55 65 24 38 27 9 46 63 15 19 47 32 60 30 13 6 8 16 25 39 43 48 36 50 18 44 20 26 73 41 58 5 57 59 28 33 3 23 34 12 53 45 56 66 69 52 40 62 21 10 72 64 17 0 74 68 71 4 29 54 37 61 1 11 35 70 42 31 67 51 7]
2024-05-18 14:27:53,284{GMT}	INFO	[jepsen worker 0] jepsen.generator.interpreter: Waiting for recovery...
2024-05-18 14:28:03,293{GMT}	INFO	[jepsen worker 0] jepsen.util: 0	:invoke	:read	nil
2024-05-18 14:28:03,297{GMT}	INFO	[jepsen worker 0] jepsen.util: 0	:ok	:read	[14 22 2 49 55 65 24 38 27 9 46 63 15 19 47 32 60 30 13 6 8 16 25 39 43 48 36 50 18 44 20 26 73 41 58 5 57 59 28 33 3 23 34 12 53 45 56 66 69 52 40 62 21 10 72 64 17 0 74 68 71 4 29 54 37 61 1 11 35 70 42 31 67 51 7]
2024-05-18 14:28:03,332{GMT}	INFO	[jepsen test runner] jepsen.core: Run complete, writing
2024-05-18 14:28:03,420{GMT}	INFO	[jepsen node n0] maelstrom.db: Tearing down n0
2024-05-18 14:28:04,419{GMT}	INFO	[jepsen node n0] maelstrom.net: Shutting down Maelstrom network
2024-05-18 14:28:04,421{GMT}	INFO	[jepsen test runner] jepsen.core: Analyzing...
2024-05-18 14:28:04,631{GMT}	INFO	[jepsen test runner] jepsen.core: Analysis complete
2024-05-18 14:28:04,648{GMT}	INFO	[jepsen results] jepsen.store: Wrote /home/shrestha/rust/distributed_systems/store/broadcast/20240518T142728.603+0530/results.edn
2024-05-18 14:28:04,674{GMT}	INFO	[jepsen test runner] jepsen.core: {:perf {:latency-graph {:valid? true},
        :rate-graph {:valid? true},
        :valid? true},
 :timeline {:valid? true},
 :exceptions {:valid? true},
 :stats {:valid? true,
         :count 183,
         :ok-count 183,
         :fail-count 0,
         :info-count 0,
         :by-f {:broadcast {:valid? true,
                            :count 75,
                            :ok-count 75,
                            :fail-count 0,
                            :info-count 0},
                :read {:valid? true,
                       :count 108,
                       :ok-count 108,
                       :fail-count 0,
                       :info-count 0}}},
 :availability {:valid? true, :ok-fraction 1.0},
 :net {:all {:send-count 370,
             :recv-count 370,
             :msg-count 370,
             :msgs-per-op 2.021858},
       :clients {:send-count 370, :recv-count 370, :msg-count 370},
       :servers {:send-count 0,
                 :recv-count 0,
                 :msg-count 0,
                 :msgs-per-op 0.0},
       :valid? true},
 :workload {:worst-stale (),
            :duplicated-count 0,
            :valid? true,
            :lost-count 0,
            :lost (),
            :stable-count 75,
            :stale-count 0,
            :stale (),
            :never-read-count 0,
            :stable-latencies {0 0, 0.5 0, 0.95 0, 0.99 0, 1 0},
            :attempt-count 75,
            :never-read (),
            :duplicated {}},
 :valid? true}


Everything looks good! (`)
