2024-09-19 13:49:54,052{GMT}	INFO	[jepsen test runner] jepsen.core: Test version 4f305f814c5875377301d630478a20a0e50c1df8
2024-09-19 13:49:54,053{GMT}	INFO	[jepsen test runner] jepsen.core: Command line:
lein run test -w broadcast --bin ./target/debug/broadcast --node-count 5 --time-limit 20 --rate 10
2024-09-19 13:49:54,175{GMT}	INFO	[jepsen test runner] jepsen.core: Running test:
{:args []
 :remote
 #jepsen.control.retry.Remote{:remote #jepsen.control.scp.Remote{:cmd-remote #jepsen.control.sshj.SSHJRemote{:concurrency-limit 6,
                                                                                                             :conn-spec nil,
                                                                                                             :client nil,
                                                                                                             :semaphore nil},
                                                                 :conn-spec nil},
                              :conn nil}
 :log-net-send false
 :node-count 5
 :availability nil
 :max-txn-length 4
 :concurrency 5
 :db
 #object[maelstrom.db$db$reify__16142
         "0x9c88323"
         "maelstrom.db$db$reify__16142@9c88323"]
 :max-writes-per-key 16
 :leave-db-running? false
 :name "broadcast"
 :logging-json? false
 :start-time
 #object[org.joda.time.DateTime "0x68f67bbd" "2024-09-19T13:49:54.023+05:30"]
 :nemesis-interval 10
 :net
 #object[maelstrom.net$jepsen_net$reify__15251
         "0x5bd585a5"
         "maelstrom.net$jepsen_net$reify__15251@5bd585a5"]
 :client
 #object[maelstrom.workload.broadcast$client$reify__16644
         "0x65c040c9"
         "maelstrom.workload.broadcast$client$reify__16644@65c040c9"]
 :barrier
 #object[java.util.concurrent.CyclicBarrier
         "0x11736ebc"
         "java.util.concurrent.CyclicBarrier@11736ebc"]
 :log-stderr false
 :pure-generators true
 :ssh {:dummy? true}
 :rate 10.0
 :checker
 #object[jepsen.checker$compose$reify__11881
         "0x4a03c4bc"
         "jepsen.checker$compose$reify__11881@4a03c4bc"]
 :argv
 ("test"
  "-w"
  "broadcast"
  "--bin"
  "./target/debug/broadcast"
  "--node-count"
  "5"
  "--time-limit"
  "20"
  "--rate"
  "10")
 :nemesis
 (jepsen.nemesis.ReflCompose
  {:fm {:start-partition 0,
        :stop-partition 0,
        :kill 1,
        :start 1,
        :pause 1,
        :resume 1},
   :nemeses [#unprintable "jepsen.nemesis.combined$partition_nemesis$reify__16416@3d0c88f4"
             #unprintable "jepsen.nemesis.combined$db_nemesis$reify__16397@5aad4194"]})
 :nodes ["n0" "n1" "n2" "n3" "n4"]
 :test-count 1
 :latency {:mean 0, :dist :constant}
 :bin "./target/debug/broadcast"
 :generator
 ((jepsen.generator.Synchronize
   {:gen (jepsen.generator.TimeLimit
          {:limit 20000000000,
           :cutoff nil,
           :gen (jepsen.generator.Any
                 {:gens [(jepsen.generator.OnThreads
                          {:f #{:nemesis},
                           :context-filter #object[jepsen.generator.context$make_thread_filter$lazy_filter__9167
                                                   "0x732ffb6a"
                                                   "jepsen.generator.context$make_thread_filter$lazy_filter__9167@732ffb6a"],
                           :gen nil})
                         (jepsen.generator.OnThreads
                          {:f #jepsen.generator.context.AllBut{:element :nemesis},
                           :context-filter #object[jepsen.generator.context$make_thread_filter$lazy_filter__9167
                                                   "0x5ed83e36"
                                                   "jepsen.generator.context$make_thread_filter$lazy_filter__9167@5ed83e36"],
                           :gen (jepsen.generator.Stagger
                                 {:dt 200000000,
                                  :next-time nil,
                                  :gen (jepsen.generator.Mix
                                        {:i 0,
                                         :gens [({:f :broadcast, :value 0}
                                                 {:f :broadcast, :value 1}
                                                 {:f :broadcast, :value 2}
                                                 {:f :broadcast, :value 3}
                                                 {:f :broadcast, :value 4}
                                                 {:f :broadcast, :value 5}
                                                 {:f :broadcast, :value 6}
                                                 {:f :broadcast, :value 7}
                                                 ...)
                                                ({:f :read}
                                                 {:f :read}
                                                 {:f :read}
                                                 {:f :read}
                                                 {:f :read}
                                                 {:f :read}
                                                 {:f :read}
                                                 {:f :read}
                                                 ...)]})})})]})})})
  (jepsen.generator.Synchronize
   {:gen (jepsen.generator.OnThreads
          {:f #{:nemesis},
           :context-filter #object[jepsen.generator.context$make_thread_filter$lazy_filter__9167
                                   "0x401e36ab"
                                   "jepsen.generator.context$make_thread_filter$lazy_filter__9167@401e36ab"],
           :gen ()})})
  (jepsen.generator.Synchronize
   {:gen {:type :log, :value "Waiting for recovery..."}})
  (jepsen.generator.Synchronize {:gen {:type :sleep, :value 10}})
  (jepsen.generator.Synchronize
   {:gen (jepsen.generator.OnThreads
          {:f #jepsen.generator.context.AllBut{:element :nemesis},
           :context-filter #object[jepsen.generator.context$make_thread_filter$lazy_filter__9167
                                   "0x4ce66169"
                                   "jepsen.generator.context$make_thread_filter$lazy_filter__9167@4ce66169"],
           :gen (jepsen.generator.EachThread
                 {:fresh-gen {:f :read, :final? true},
                  :context-filters #object[clojure.core$promise$reify__8591
                                           "0x53d0cf4d"
                                           {:status :pending, :val nil}],
                  :gens {}})})}))
 :log-net-recv false
 :os
 #object[maelstrom.net$jepsen_os$reify__15254
         "0x3c6c87fa"
         "maelstrom.net$jepsen_os$reify__15254@3c6c87fa"]
 :time-limit 20
 :workload :broadcast
 :consistency-models [:strict-serializable]
 :topology :grid}

2024-09-19 13:49:57,068{GMT}	INFO	[jepsen node n0] maelstrom.net: Starting Maelstrom network
2024-09-19 13:49:57,071{GMT}	INFO	[jepsen test runner] jepsen.db: Tearing down DB
2024-09-19 13:49:57,083{GMT}	INFO	[jepsen test runner] jepsen.db: Setting up DB
2024-09-19 13:49:57,084{GMT}	INFO	[jepsen node n2] maelstrom.db: Setting up n2
2024-09-19 13:49:57,084{GMT}	INFO	[jepsen node n1] maelstrom.db: Setting up n1
2024-09-19 13:49:57,085{GMT}	INFO	[jepsen node n2] maelstrom.process: launching ./target/debug/broadcast []
2024-09-19 13:49:57,085{GMT}	INFO	[jepsen node n1] maelstrom.process: launching ./target/debug/broadcast []
2024-09-19 13:49:57,087{GMT}	INFO	[jepsen node n0] maelstrom.service: Starting services: (lin-kv lin-tso lww-kv seq-kv)
2024-09-19 13:49:57,099{GMT}	INFO	[jepsen node n3] maelstrom.db: Setting up n3
2024-09-19 13:49:57,099{GMT}	INFO	[jepsen node n0] maelstrom.db: Setting up n0
2024-09-19 13:49:57,100{GMT}	INFO	[jepsen node n3] maelstrom.process: launching ./target/debug/broadcast []
2024-09-19 13:49:57,100{GMT}	INFO	[jepsen node n0] maelstrom.process: launching ./target/debug/broadcast []
2024-09-19 13:49:57,100{GMT}	INFO	[jepsen node n4] maelstrom.db: Setting up n4
2024-09-19 13:49:57,102{GMT}	INFO	[jepsen node n4] maelstrom.process: launching ./target/debug/broadcast []
2024-09-19 13:49:57,168{GMT}	INFO	[jepsen test runner] jepsen.core: Relative time begins now
2024-09-19 13:49:57,198{GMT}	INFO	[jepsen worker 0] jepsen.util: 0	:invoke	:broadcast	0
2024-09-19 13:49:57,203{GMT}	INFO	[jepsen worker 0] jepsen.util: 0	:ok	:broadcast	0
2024-09-19 13:49:57,340{GMT}	INFO	[jepsen worker 1] jepsen.util: 1	:invoke	:broadcast	1
2024-09-19 13:49:57,346{GMT}	INFO	[jepsen worker 1] jepsen.util: 1	:ok	:broadcast	1
2024-09-19 13:49:57,495{GMT}	INFO	[jepsen worker 2] jepsen.util: 2	:invoke	:broadcast	2
2024-09-19 13:49:57,501{GMT}	INFO	[jepsen worker 2] jepsen.util: 2	:ok	:broadcast	2
2024-09-19 13:49:57,563{GMT}	INFO	[jepsen worker 3] jepsen.util: 3	:invoke	:read	nil
2024-09-19 13:49:57,570{GMT}	INFO	[jepsen worker 3] jepsen.util: 3	:ok	:read	[0]
2024-09-19 13:49:57,594{GMT}	INFO	[jepsen worker 4] jepsen.util: 4	:invoke	:read	nil
2024-09-19 13:49:57,599{GMT}	INFO	[jepsen worker 4] jepsen.util: 4	:ok	:read	[1]
2024-09-19 13:49:57,745{GMT}	INFO	[jepsen worker 0] jepsen.util: 0	:invoke	:broadcast	3
2024-09-19 13:49:57,749{GMT}	INFO	[jepsen worker 0] jepsen.util: 0	:ok	:broadcast	3
2024-09-19 13:49:57,824{GMT}	INFO	[jepsen worker 0] jepsen.util: 0	:invoke	:read	nil
2024-09-19 13:49:57,828{GMT}	INFO	[jepsen worker 0] jepsen.util: 0	:ok	:read	[3 0 1]
2024-09-19 13:49:57,957{GMT}	INFO	[jepsen worker 1] jepsen.util: 1	:invoke	:broadcast	4
2024-09-19 13:49:57,960{GMT}	INFO	[jepsen worker 1] jepsen.util: 1	:ok	:broadcast	4
2024-09-19 13:49:58,073{GMT}	INFO	[jepsen worker 2] jepsen.util: 2	:invoke	:broadcast	5
2024-09-19 13:49:58,076{GMT}	INFO	[jepsen worker 2] jepsen.util: 2	:ok	:broadcast	5
2024-09-19 13:49:58,111{GMT}	INFO	[jepsen worker 3] jepsen.util: 3	:invoke	:broadcast	6
2024-09-19 13:49:58,114{GMT}	INFO	[jepsen worker 3] jepsen.util: 3	:ok	:broadcast	6
2024-09-19 13:49:58,132{GMT}	INFO	[jepsen worker 4] jepsen.util: 4	:invoke	:read	nil
2024-09-19 13:49:58,135{GMT}	INFO	[jepsen worker 4] jepsen.util: 4	:ok	:read	[4 1 3 2 0]
2024-09-19 13:49:58,330{GMT}	INFO	[jepsen worker 0] jepsen.util: 0	:invoke	:broadcast	7
2024-09-19 13:49:58,333{GMT}	INFO	[jepsen worker 0] jepsen.util: 0	:ok	:broadcast	7
2024-09-19 13:49:58,517{GMT}	INFO	[jepsen worker 0] jepsen.util: 0	:invoke	:read	nil
2024-09-19 13:49:58,521{GMT}	INFO	[jepsen worker 0] jepsen.util: 0	:ok	:read	[6 0 1 7 2 3 4]
2024-09-19 13:49:58,561{GMT}	INFO	[jepsen worker 1] jepsen.util: 1	:invoke	:broadcast	8
2024-09-19 13:49:58,565{GMT}	INFO	[jepsen worker 1] jepsen.util: 1	:ok	:broadcast	8
2024-09-19 13:49:58,641{GMT}	INFO	[jepsen worker 2] jepsen.util: 2	:invoke	:broadcast	9
2024-09-19 13:49:58,645{GMT}	INFO	[jepsen worker 2] jepsen.util: 2	:ok	:broadcast	9
2024-09-19 13:49:58,673{GMT}	INFO	[jepsen worker 3] jepsen.util: 3	:invoke	:read	nil
2024-09-19 13:49:58,677{GMT}	INFO	[jepsen worker 3] jepsen.util: 3	:ok	:read	[2 3 1 0 4 6 7]
2024-09-19 13:49:58,818{GMT}	INFO	[jepsen worker 4] jepsen.util: 4	:invoke	:read	nil
2024-09-19 13:49:58,821{GMT}	INFO	[jepsen worker 4] jepsen.util: 4	:ok	:read	[7 6 5 2 4 1 3 8 0]
2024-09-19 13:49:58,849{GMT}	INFO	[jepsen worker 0] jepsen.util: 0	:invoke	:read	nil
2024-09-19 13:49:58,852{GMT}	INFO	[jepsen worker 0] jepsen.util: 0	:ok	:read	[6 0 5 1 7 2 3 8 4]
2024-09-19 13:49:58,922{GMT}	INFO	[jepsen worker 0] jepsen.util: 0	:invoke	:broadcast	10
2024-09-19 13:49:58,925{GMT}	INFO	[jepsen worker 0] jepsen.util: 0	:ok	:broadcast	10
2024-09-19 13:49:58,942{GMT}	INFO	[jepsen worker 1] jepsen.util: 1	:invoke	:broadcast	11
2024-09-19 13:49:58,944{GMT}	INFO	[jepsen worker 1] jepsen.util: 1	:ok	:broadcast	11
2024-09-19 13:49:59,011{GMT}	INFO	[jepsen worker 2] jepsen.util: 2	:invoke	:read	nil
2024-09-19 13:49:59,015{GMT}	INFO	[jepsen worker 2] jepsen.util: 2	:ok	:read	[3 8 7 2 6 1 0 4 9 5 11]
2024-09-19 13:49:59,127{GMT}	INFO	[jepsen worker 3] jepsen.util: 3	:invoke	:broadcast	12
2024-09-19 13:49:59,130{GMT}	INFO	[jepsen worker 3] jepsen.util: 3	:ok	:broadcast	12
2024-09-19 13:49:59,200{GMT}	INFO	[jepsen worker 4] jepsen.util: 4	:invoke	:read	nil
2024-09-19 13:49:59,203{GMT}	INFO	[jepsen worker 4] jepsen.util: 4	:ok	:read	[11 2 8 6 9 5 4 1 7 3 0]
2024-09-19 13:49:59,278{GMT}	INFO	[jepsen worker 0] jepsen.util: 0	:invoke	:read	nil
2024-09-19 13:49:59,281{GMT}	INFO	[jepsen worker 0] jepsen.util: 0	:ok	:read	[6 5 9 8 2 4 0 12 1 7 3 10 11]
2024-09-19 13:49:59,452{GMT}	INFO	[jepsen worker 0] jepsen.util: 0	:invoke	:read	nil
2024-09-19 13:49:59,457{GMT}	INFO	[jepsen worker 0] jepsen.util: 0	:ok	:read	[6 5 9 8 2 4 0 12 1 7 3 10 11]
2024-09-19 13:49:59,606{GMT}	INFO	[jepsen worker 1] jepsen.util: 1	:invoke	:broadcast	13
2024-09-19 13:49:59,609{GMT}	INFO	[jepsen worker 1] jepsen.util: 1	:ok	:broadcast	13
2024-09-19 13:49:59,703{GMT}	INFO	[jepsen worker 2] jepsen.util: 2	:invoke	:read	nil
2024-09-19 13:49:59,706{GMT}	INFO	[jepsen worker 2] jepsen.util: 2	:ok	:read	[10 9 3 8 7 2 6 1 0 4 5 11]
2024-09-19 13:49:59,807{GMT}	INFO	[jepsen worker 3] jepsen.util: 3	:invoke	:broadcast	14
2024-09-19 13:49:59,809{GMT}	INFO	[jepsen worker 3] jepsen.util: 3	:ok	:broadcast	14
2024-09-19 13:49:59,853{GMT}	INFO	[jepsen worker 4] jepsen.util: 4	:invoke	:broadcast	15
2024-09-19 13:49:59,857{GMT}	INFO	[jepsen worker 4] jepsen.util: 4	:ok	:broadcast	15
2024-09-19 13:50:00,037{GMT}	INFO	[jepsen worker 0] jepsen.util: 0	:invoke	:read	nil
2024-09-19 13:50:00,041{GMT}	INFO	[jepsen worker 0] jepsen.util: 0	:ok	:read	[6 5 9 8 2 13 4 0 12 1 7 3 10 11 14]
2024-09-19 13:50:00,230{GMT}	INFO	[jepsen worker 0] jepsen.util: 0	:invoke	:read	nil
2024-09-19 13:50:00,232{GMT}	INFO	[jepsen worker 0] jepsen.util: 0	:ok	:read	[6 5 9 15 8 2 13 4 0 12 1 7 3 10 11 14]
2024-09-19 13:50:00,401{GMT}	INFO	[jepsen worker 1] jepsen.util: 1	:invoke	:broadcast	16
2024-09-19 13:50:00,403{GMT}	INFO	[jepsen worker 1] jepsen.util: 1	:ok	:broadcast	16
2024-09-19 13:50:00,435{GMT}	INFO	[jepsen worker 2] jepsen.util: 2	:invoke	:read	nil
2024-09-19 13:50:00,437{GMT}	INFO	[jepsen worker 2] jepsen.util: 2	:ok	:read	[12 15 10 9 3 8 7 2 6 1 0 4 5 13 11]
2024-09-19 13:50:00,459{GMT}	INFO	[jepsen worker 3] jepsen.util: 3	:invoke	:broadcast	17
2024-09-19 13:50:00,461{GMT}	INFO	[jepsen worker 3] jepsen.util: 3	:ok	:broadcast	17
2024-09-19 13:50:00,593{GMT}	INFO	[jepsen worker 4] jepsen.util: 4	:invoke	:broadcast	18
2024-09-19 13:50:00,596{GMT}	INFO	[jepsen worker 4] jepsen.util: 4	:ok	:broadcast	18
2024-09-19 13:50:00,608{GMT}	INFO	[jepsen worker 0] jepsen.util: 0	:invoke	:broadcast	19
2024-09-19 13:50:00,610{GMT}	INFO	[jepsen worker 0] jepsen.util: 0	:ok	:broadcast	19
2024-09-19 13:50:00,706{GMT}	INFO	[jepsen worker 0] jepsen.util: 0	:invoke	:read	nil
2024-09-19 13:50:00,708{GMT}	INFO	[jepsen worker 0] jepsen.util: 0	:ok	:read	[6 5 9 15 8 2 13 4 17 0 12 1 16 19 7 3 10 11 14]
2024-09-19 13:50:00,934{GMT}	INFO	[jepsen worker 1] jepsen.util: 1	:invoke	:broadcast	20
2024-09-19 13:50:00,979{GMT}	INFO	[jepsen worker 1] jepsen.util: 1	:ok	:broadcast	20
2024-09-19 13:50:01,046{GMT}	INFO	[jepsen worker 2] jepsen.util: 2	:invoke	:broadcast	21
2024-09-19 13:50:01,048{GMT}	INFO	[jepsen worker 2] jepsen.util: 2	:ok	:broadcast	21
2024-09-19 13:50:01,173{GMT}	INFO	[jepsen worker 3] jepsen.util: 3	:invoke	:broadcast	22
2024-09-19 13:50:01,175{GMT}	INFO	[jepsen worker 3] jepsen.util: 3	:ok	:broadcast	22
2024-09-19 13:50:01,307{GMT}	INFO	[jepsen worker 4] jepsen.util: 4	:invoke	:read	nil
2024-09-19 13:50:01,312{GMT}	INFO	[jepsen worker 4] jepsen.util: 4	:ok	:read	[12 8 16 5 4 17 7 3 11 0 2 14 20 19 6 9 15 18 13 22 10 1]
2024-09-19 13:50:01,387{GMT}	INFO	[jepsen worker 0] jepsen.util: 0	:invoke	:broadcast	23
2024-09-19 13:50:01,389{GMT}	INFO	[jepsen worker 0] jepsen.util: 0	:ok	:broadcast	23
2024-09-19 13:50:01,559{GMT}	INFO	[jepsen worker 0] jepsen.util: 0	:invoke	:read	nil
2024-09-19 13:50:01,561{GMT}	INFO	[jepsen worker 0] jepsen.util: 0	:ok	:read	[9 15 2 13 4 22 17 12 1 7 20 11 10 14 6 5 23 8 18 0 16 19 3]
2024-09-19 13:50:01,590{GMT}	INFO	[jepsen worker 1] jepsen.util: 1	:invoke	:broadcast	24
2024-09-19 13:50:01,592{GMT}	INFO	[jepsen worker 1] jepsen.util: 1	:ok	:broadcast	24
2024-09-19 13:50:01,629{GMT}	INFO	[jepsen worker 2] jepsen.util: 2	:invoke	:broadcast	25
2024-09-19 13:50:01,631{GMT}	INFO	[jepsen worker 2] jepsen.util: 2	:ok	:broadcast	25
2024-09-19 13:50:01,753{GMT}	INFO	[jepsen worker 3] jepsen.util: 3	:invoke	:read	nil
2024-09-19 13:50:01,756{GMT}	INFO	[jepsen worker 3] jepsen.util: 3	:ok	:read	[14 8 1 16 17 3 20 0 4 7 12 15 2 19 5 10 18 6 22 23 11 9 13]
2024-09-19 13:50:01,761{GMT}	INFO	[jepsen worker 4] jepsen.util: 4	:invoke	:read	nil
2024-09-19 13:50:01,763{GMT}	INFO	[jepsen worker 4] jepsen.util: 4	:ok	:read	[12 8 16 5 4 17 7 3 11 0 21 2 14 20 23 19 6 9 15 18 13 22 10 1]
2024-09-19 13:50:01,791{GMT}	INFO	[jepsen worker 0] jepsen.util: 0	:invoke	:read	nil
2024-09-19 13:50:01,793{GMT}	INFO	[jepsen worker 0] jepsen.util: 0	:ok	:read	[9 15 2 13 4 22 17 12 21 1 7 20 11 10 14 6 5 23 8 18 0 16 19 3]
2024-09-19 13:50:01,796{GMT}	INFO	[jepsen worker 0] jepsen.util: 0	:invoke	:broadcast	26
2024-09-19 13:50:01,798{GMT}	INFO	[jepsen worker 0] jepsen.util: 0	:ok	:broadcast	26
2024-09-19 13:50:01,859{GMT}	INFO	[jepsen worker 1] jepsen.util: 1	:invoke	:read	nil
2024-09-19 13:50:01,862{GMT}	INFO	[jepsen worker 1] jepsen.util: 1	:ok	:read	[6 14 7 10 15 11 1 8 9 26 12 2 22 3 13 5 16 20 21 24 19 23 0 18 4 17]
2024-09-19 13:50:02,018{GMT}	INFO	[jepsen worker 2] jepsen.util: 2	:invoke	:read	nil
2024-09-19 13:50:02,020{GMT}	INFO	[jepsen worker 2] jepsen.util: 2	:ok	:read	[11 15 26 25 3 19 23 2 16 1 17 21 10 18 9 22 14 24 8 7 6 0 4 20 5 12 13]
2024-09-19 13:50:02,196{GMT}	INFO	[jepsen worker 3] jepsen.util: 3	:invoke	:broadcast	27
2024-09-19 13:50:02,198{GMT}	INFO	[jepsen worker 3] jepsen.util: 3	:ok	:broadcast	27
2024-09-19 13:50:02,227{GMT}	INFO	[jepsen worker 4] jepsen.util: 4	:invoke	:read	nil
2024-09-19 13:50:02,229{GMT}	INFO	[jepsen worker 4] jepsen.util: 4	:ok	:read	[12 8 16 5 4 17 7 3 11 0 21 26 2 14 20 23 19 6 9 25 15 18 13 22 10 1 24]
2024-09-19 13:50:02,251{GMT}	INFO	[jepsen worker 0] jepsen.util: 0	:invoke	:broadcast	28
2024-09-19 13:50:02,253{GMT}	INFO	[jepsen worker 0] jepsen.util: 0	:ok	:broadcast	28
2024-09-19 13:50:02,294{GMT}	INFO	[jepsen worker 0] jepsen.util: 0	:invoke	:read	nil
2024-09-19 13:50:02,295{GMT}	INFO	[jepsen worker 0] jepsen.util: 0	:ok	:read	[28 9 15 2 13 4 22 17 12 21 1 25 7 20 11 10 24 14 6 5 23 8 26 18 0 16 19 3]
2024-09-19 13:50:02,475{GMT}	INFO	[jepsen worker 1] jepsen.util: 1	:invoke	:broadcast	29
2024-09-19 13:50:02,478{GMT}	INFO	[jepsen worker 1] jepsen.util: 1	:ok	:broadcast	29
2024-09-19 13:50:02,534{GMT}	INFO	[jepsen worker 2] jepsen.util: 2	:invoke	:broadcast	30
2024-09-19 13:50:02,536{GMT}	INFO	[jepsen worker 2] jepsen.util: 2	:ok	:broadcast	30
2024-09-19 13:50:02,651{GMT}	INFO	[jepsen worker 3] jepsen.util: 3	:invoke	:read	nil
2024-09-19 13:50:02,654{GMT}	INFO	[jepsen worker 3] jepsen.util: 3	:ok	:read	[14 24 8 1 16 17 3 20 27 0 4 26 7 21 25 28 12 15 2 19 5 10 18 6 22 23 11 9 13]
2024-09-19 13:50:02,785{GMT}	INFO	[jepsen worker 4] jepsen.util: 4	:invoke	:broadcast	31
2024-09-19 13:50:02,788{GMT}	INFO	[jepsen worker 4] jepsen.util: 4	:ok	:broadcast	31
2024-09-19 13:50:02,828{GMT}	INFO	[jepsen worker 0] jepsen.util: 0	:invoke	:broadcast	32
2024-09-19 13:50:02,831{GMT}	INFO	[jepsen worker 0] jepsen.util: 0	:ok	:broadcast	32
2024-09-19 13:50:02,960{GMT}	INFO	[jepsen worker 0] jepsen.util: 0	:invoke	:read	nil
2024-09-19 13:50:02,963{GMT}	INFO	[jepsen worker 0] jepsen.util: 0	:ok	:read	[28 9 15 32 2 13 4 22 17 12 21 1 25 29 7 20 11 10 24 14 6 5 23 8 27 26 18 0 16 19 3]
2024-09-19 13:50:02,988{GMT}	INFO	[jepsen worker 1] jepsen.util: 1	:invoke	:read	nil
2024-09-19 13:50:02,992{GMT}	INFO	[jepsen worker 1] jepsen.util: 1	:ok	:read	[6 14 7 27 10 15 11 1 8 30 9 26 12 2 22 3 13 29 5 28 16 20 21 24 25 19 23 0 18 4 17]
2024-09-19 13:50:03,098{GMT}	INFO	[jepsen worker 2] jepsen.util: 2	:invoke	:broadcast	33
2024-09-19 13:50:03,100{GMT}	INFO	[jepsen worker 2] jepsen.util: 2	:ok	:broadcast	33
2024-09-19 13:50:03,104{GMT}	INFO	[jepsen worker 3] jepsen.util: 3	:invoke	:read	nil
2024-09-19 13:50:03,109{GMT}	INFO	[jepsen worker 3] jepsen.util: 3	:ok	:read	[14 24 8 1 16 17 29 3 20 27 0 4 26 7 21 25 28 12 15 2 19 5 10 18 6 22 23 32 11 9 13 31]
2024-09-19 13:50:03,279{GMT}	INFO	[jepsen worker 4] jepsen.util: 4	:invoke	:broadcast	34
2024-09-19 13:50:03,296{GMT}	INFO	[jepsen worker 4] jepsen.util: 4	:ok	:broadcast	34
2024-09-19 13:50:03,293{GMT}	INFO	[jepsen worker 0] jepsen.util: 0	:invoke	:broadcast	35
2024-09-19 13:50:03,305{GMT}	INFO	[jepsen worker 0] jepsen.util: 0	:ok	:broadcast	35
2024-09-19 13:50:03,481{GMT}	INFO	[jepsen worker 0] jepsen.util: 0	:invoke	:broadcast	36
2024-09-19 13:50:03,486{GMT}	INFO	[jepsen worker 0] jepsen.util: 0	:ok	:broadcast	36
2024-09-19 13:50:03,677{GMT}	INFO	[jepsen worker 1] jepsen.util: 1	:invoke	:read	nil
2024-09-19 13:50:03,681{GMT}	INFO	[jepsen worker 1] jepsen.util: 1	:ok	:read	[6 14 7 27 10 31 15 11 1 8 30 9 26 12 34 33 2 22 3 13 29 5 28 32 16 20 21 24 25 19 23 0 18 4 17 35 36]
2024-09-19 13:50:03,700{GMT}	INFO	[jepsen worker 2] jepsen.util: 2	:invoke	:broadcast	37
2024-09-19 13:50:03,704{GMT}	INFO	[jepsen worker 2] jepsen.util: 2	:ok	:broadcast	37
2024-09-19 13:50:03,719{GMT}	INFO	[jepsen worker 3] jepsen.util: 3	:invoke	:broadcast	38
2024-09-19 13:50:03,721{GMT}	INFO	[jepsen worker 3] jepsen.util: 3	:ok	:broadcast	38
2024-09-19 13:50:03,915{GMT}	INFO	[jepsen worker 4] jepsen.util: 4	:invoke	:read	nil
2024-09-19 13:50:03,918{GMT}	INFO	[jepsen worker 4] jepsen.util: 4	:ok	:read	[12 8 16 27 31 5 36 33 4 17 7 3 11 0 21 26 28 2 14 20 23 35 19 6 9 32 34 25 15 18 13 22 10 1 24 29 30]
2024-09-19 13:50:03,922{GMT}	INFO	[jepsen worker 0] jepsen.util: 0	:invoke	:read	nil
2024-09-19 13:50:03,928{GMT}	INFO	[jepsen worker 0] jepsen.util: 0	:ok	:read	[28 30 9 15 32 2 35 13 4 22 17 12 21 1 25 29 7 20 11 10 36 24 31 14 6 5 23 8 27 26 33 18 0 16 19 3 34]
2024-09-19 13:50:04,024{GMT}	INFO	[jepsen worker 0] jepsen.util: 0	:invoke	:read	nil
2024-09-19 13:50:04,030{GMT}	INFO	[jepsen worker 0] jepsen.util: 0	:ok	:read	[28 30 9 15 32 2 35 13 4 22 17 12 21 1 25 29 7 20 11 10 36 24 31 14 6 5 23 8 27 26 33 18 0 16 19 38 3 34]
2024-09-19 13:50:04,132{GMT}	INFO	[jepsen worker 1] jepsen.util: 1	:invoke	:broadcast	39
2024-09-19 13:50:04,135{GMT}	INFO	[jepsen worker 1] jepsen.util: 1	:ok	:broadcast	39
2024-09-19 13:50:04,270{GMT}	INFO	[jepsen worker 2] jepsen.util: 2	:invoke	:broadcast	40
2024-09-19 13:50:04,281{GMT}	INFO	[jepsen worker 2] jepsen.util: 2	:ok	:broadcast	40
2024-09-19 13:50:04,392{GMT}	INFO	[jepsen worker 3] jepsen.util: 3	:invoke	:read	nil
2024-09-19 13:50:04,394{GMT}	INFO	[jepsen worker 3] jepsen.util: 3	:ok	:read	[14 24 8 1 16 17 29 3 20 27 0 4 26 7 21 25 28 12 15 30 2 19 5 10 18 38 33 6 22 23 32 36 11 9 35 34 13 31]
2024-09-19 13:50:04,501{GMT}	INFO	[jepsen worker 4] jepsen.util: 4	:invoke	:read	nil
2024-09-19 13:50:04,504{GMT}	INFO	[jepsen worker 4] jepsen.util: 4	:ok	:read	[12 8 16 27 38 31 5 36 33 37 4 17 7 3 11 0 21 26 28 2 14 20 23 39 35 19 6 9 32 34 25 15 18 13 22 10 1 24 29 30]
2024-09-19 13:50:04,638{GMT}	INFO	[jepsen worker 0] jepsen.util: 0	:invoke	:broadcast	41
2024-09-19 13:50:04,640{GMT}	INFO	[jepsen worker 0] jepsen.util: 0	:ok	:broadcast	41
2024-09-19 13:50:04,798{GMT}	INFO	[jepsen worker 0] jepsen.util: 0	:invoke	:read	nil
2024-09-19 13:50:04,802{GMT}	INFO	[jepsen worker 0] jepsen.util: 0	:ok	:read	[28 30 9 15 32 2 35 13 4 22 17 12 21 1 25 29 7 20 11 10 36 24 31 14 6 5 23 8 39 27 26 41 33 40 18 0 16 19 38 3 34 37]
2024-09-19 13:50:04,842{GMT}	INFO	[jepsen worker 1] jepsen.util: 1	:invoke	:read	nil
2024-09-19 13:50:04,850{GMT}	INFO	[jepsen worker 1] jepsen.util: 1	:ok	:read	[6 14 7 40 27 10 31 15 11 1 8 30 9 26 12 34 33 2 22 3 13 29 5 28 32 16 20 21 24 37 38 25 39 41 19 23 0 18 4 17 35 36]
2024-09-19 13:50:04,981{GMT}	INFO	[jepsen worker 2] jepsen.util: 2	:invoke	:broadcast	42
2024-09-19 13:50:04,984{GMT}	INFO	[jepsen worker 2] jepsen.util: 2	:ok	:broadcast	42
2024-09-19 13:50:05,102{GMT}	INFO	[jepsen worker 3] jepsen.util: 3	:invoke	:read	nil
2024-09-19 13:50:05,104{GMT}	INFO	[jepsen worker 3] jepsen.util: 3	:ok	:read	[41 8 1 17 29 20 26 7 21 25 28 30 33 19 5 18 6 23 36 35 34 13 14 24 16 37 3 27 0 4 40 39 12 15 2 10 38 22 32 11 9 31]
2024-09-19 13:50:05,181{GMT}	INFO	[jepsen worker 4] jepsen.util: 4	:invoke	:read	nil
2024-09-19 13:50:05,182{GMT}	INFO	[jepsen worker 4] jepsen.util: 4	:ok	:read	[12 27 16 38 36 33 37 4 17 7 3 0 26 14 39 19 6 9 34 41 25 15 18 13 22 10 24 40 8 31 5 21 11 28 2 23 20 35 32 29 1 30]
2024-09-19 13:50:05,250{GMT}	INFO	[jepsen worker 0] jepsen.util: 0	:invoke	:read	nil
2024-09-19 13:50:05,252{GMT}	INFO	[jepsen worker 0] jepsen.util: 0	:ok	:read	[28 30 9 15 32 2 35 13 4 22 17 12 21 1 25 29 7 20 11 10 36 24 31 14 6 5 23 8 39 27 26 41 33 40 18 0 16 19 38 3 34 37]
2024-09-19 13:50:05,277{GMT}	INFO	[jepsen worker 0] jepsen.util: 0	:invoke	:broadcast	43
2024-09-19 13:50:05,279{GMT}	INFO	[jepsen worker 0] jepsen.util: 0	:ok	:broadcast	43
2024-09-19 13:50:05,289{GMT}	INFO	[jepsen worker 1] jepsen.util: 1	:invoke	:read	nil
2024-09-19 13:50:05,293{GMT}	INFO	[jepsen worker 1] jepsen.util: 1	:ok	:read	[6 14 7 40 27 42 10 31 15 11 1 8 30 9 26 12 34 33 2 22 3 13 29 5 28 32 16 20 21 24 37 38 25 39 41 19 23 0 18 4 17 35 36]
2024-09-19 13:50:05,469{GMT}	INFO	[jepsen worker 2] jepsen.util: 2	:invoke	:broadcast	44
2024-09-19 13:50:05,472{GMT}	INFO	[jepsen worker 2] jepsen.util: 2	:ok	:broadcast	44
2024-09-19 13:50:05,488{GMT}	INFO	[jepsen worker 3] jepsen.util: 3	:invoke	:read	nil
2024-09-19 13:50:05,488{GMT}	INFO	[jepsen worker 4] jepsen.util: 4	:invoke	:read	nil
2024-09-19 13:50:05,490{GMT}	INFO	[jepsen worker 0] jepsen.util: 0	:invoke	:broadcast	45
2024-09-19 13:50:05,492{GMT}	INFO	[jepsen worker 3] jepsen.util: 3	:ok	:read	[41 8 1 17 29 20 26 7 21 25 28 30 33 19 5 18 6 23 36 35 34 13 14 24 16 37 3 27 0 4 40 43 39 12 15 2 10 38 22 32 11 9 31]
2024-09-19 13:50:05,492{GMT}	INFO	[jepsen worker 4] jepsen.util: 4	:ok	:read	[12 27 16 38 36 33 37 4 17 7 3 0 26 14 39 19 6 9 34 41 25 15 18 13 22 10 24 40 42 8 31 5 21 11 28 2 23 20 35 43 32 29 1 30]
2024-09-19 13:50:05,494{GMT}	INFO	[jepsen worker 0] jepsen.util: 0	:ok	:broadcast	45
2024-09-19 13:50:05,575{GMT}	INFO	[jepsen worker 0] jepsen.util: 0	:invoke	:broadcast	46
2024-09-19 13:50:05,583{GMT}	INFO	[jepsen worker 0] jepsen.util: 0	:ok	:broadcast	46
2024-09-19 13:50:05,633{GMT}	INFO	[jepsen worker 1] jepsen.util: 1	:invoke	:read	nil
2024-09-19 13:50:05,635{GMT}	INFO	[jepsen worker 1] jepsen.util: 1	:ok	:read	[6 14 7 40 27 42 10 31 15 11 1 8 30 9 26 12 34 33 2 43 22 3 13 29 5 28 32 16 20 21 24 37 38 25 39 41 19 23 0 18 44 4 17 35 36]
2024-09-19 13:50:05,810{GMT}	INFO	[jepsen worker 2] jepsen.util: 2	:invoke	:read	nil
2024-09-19 13:50:05,812{GMT}	INFO	[jepsen worker 2] jepsen.util: 2	:ok	:read	[44 25 28 29 27 3 19 16 31 39 40 43 21 41 10 18 9 14 24 7 45 0 20 12 13 15 38 26 33 32 23 35 2 30 42 1 17 22 36 34 8 37 6 46 4 5 11]
2024-09-19 13:50:06,003{GMT}	INFO	[jepsen worker 3] jepsen.util: 3	:invoke	:read	nil
2024-09-19 13:50:06,007{GMT}	INFO	[jepsen worker 3] jepsen.util: 3	:ok	:read	[41 8 1 17 29 20 26 7 21 25 28 30 33 45 19 5 18 6 23 36 42 35 34 13 14 24 16 37 3 27 0 4 40 43 39 12 15 2 10 38 22 32 11 9 46 31]
2024-09-19 13:50:06,042{GMT}	INFO	[jepsen worker 4] jepsen.util: 4	:invoke	:broadcast	47
2024-09-19 13:50:06,044{GMT}	INFO	[jepsen worker 4] jepsen.util: 4	:ok	:broadcast	47
2024-09-19 13:50:06,084{GMT}	INFO	[jepsen worker 0] jepsen.util: 0	:invoke	:read	nil
2024-09-19 13:50:06,086{GMT}	INFO	[jepsen worker 0] jepsen.util: 0	:ok	:read	[44 15 32 2 13 4 22 21 36 29 7 14 6 5 8 27 26 33 40 18 0 16 45 3 34 37 28 30 9 35 42 17 12 1 25 20 11 10 24 31 23 43 46 39 41 38 19]
2024-09-19 13:50:06,233{GMT}	INFO	[jepsen worker 0] jepsen.util: 0	:invoke	:broadcast	48
2024-09-19 13:50:06,236{GMT}	INFO	[jepsen worker 0] jepsen.util: 0	:ok	:broadcast	48
2024-09-19 13:50:06,366{GMT}	INFO	[jepsen worker 1] jepsen.util: 1	:invoke	:read	nil
2024-09-19 13:50:06,370{GMT}	INFO	[jepsen worker 1] jepsen.util: 1	:ok	:read	[6 14 7 40 27 42 45 10 31 15 11 46 1 8 30 9 26 12 34 33 2 43 22 3 13 29 5 28 32 16 20 21 24 37 38 47 48 25 39 41 19 23 0 18 44 4 17 35 36]
2024-09-19 13:50:06,434{GMT}	INFO	[jepsen worker 2] jepsen.util: 2	:invoke	:broadcast	49
2024-09-19 13:50:06,436{GMT}	INFO	[jepsen worker 2] jepsen.util: 2	:ok	:broadcast	49
2024-09-19 13:50:06,518{GMT}	INFO	[jepsen worker 3] jepsen.util: 3	:invoke	:broadcast	50
2024-09-19 13:50:06,520{GMT}	INFO	[jepsen worker 3] jepsen.util: 3	:ok	:broadcast	50
2024-09-19 13:50:06,599{GMT}	INFO	[jepsen worker 4] jepsen.util: 4	:invoke	:read	nil
2024-09-19 13:50:06,601{GMT}	INFO	[jepsen worker 4] jepsen.util: 4	:ok	:read	[12 27 16 38 36 33 37 4 17 7 3 0 26 47 14 39 19 6 9 34 41 25 15 18 13 22 10 24 45 40 42 8 44 31 5 21 48 11 28 2 23 20 46 35 43 32 29 1 30]
2024-09-19 13:50:06,638{GMT}	INFO	[jepsen worker 0] jepsen.util: 0	:invoke	:broadcast	51
2024-09-19 13:50:06,642{GMT}	INFO	[jepsen worker 0] jepsen.util: 0	:ok	:broadcast	51
2024-09-19 13:50:06,768{GMT}	INFO	[jepsen worker 0] jepsen.util: 0	:invoke	:broadcast	52
2024-09-19 13:50:06,770{GMT}	INFO	[jepsen worker 0] jepsen.util: 0	:ok	:broadcast	52
2024-09-19 13:50:06,785{GMT}	INFO	[jepsen worker 1] jepsen.util: 1	:invoke	:read	nil
2024-09-19 13:50:06,787{GMT}	INFO	[jepsen worker 1] jepsen.util: 1	:ok	:read	[49 6 14 7 40 27 42 45 10 31 15 11 46 1 8 30 9 26 12 34 33 2 43 22 3 13 29 5 28 32 16 20 21 24 37 38 47 48 25 39 41 19 23 0 18 44 4 17 35 36]
2024-09-19 13:50:06,942{GMT}	INFO	[jepsen worker 2] jepsen.util: 2	:invoke	:read	nil
2024-09-19 13:50:06,945{GMT}	INFO	[jepsen worker 2] jepsen.util: 2	:ok	:read	[44 25 28 29 27 3 19 49 16 31 39 40 43 21 41 10 18 9 14 24 7 45 0 20 12 13 48 15 38 26 33 32 23 35 2 30 42 1 17 47 22 36 34 8 37 6 46 4 5 11]
2024-09-19 13:50:07,017{GMT}	INFO	[jepsen worker 3] jepsen.util: 3	:invoke	:read	nil
2024-09-19 13:50:07,019{GMT}	INFO	[jepsen worker 3] jepsen.util: 3	:ok	:read	[41 8 1 50 17 29 51 47 20 52 26 7 21 25 28 30 33 45 19 5 18 6 23 36 42 48 35 34 13 14 24 16 37 44 3 27 0 4 40 43 39 12 15 2 10 38 22 32 11 9 46 31]
2024-09-19 13:50:07,117{GMT}	INFO	[jepsen worker 4] jepsen.util: 4	:invoke	:read	nil
2024-09-19 13:50:07,119{GMT}	INFO	[jepsen worker 4] jepsen.util: 4	:ok	:read	[50 12 27 16 38 49 36 33 37 4 17 7 3 0 26 47 14 39 19 6 9 34 41 51 25 15 18 13 22 10 24 45 40 42 8 44 31 5 21 48 11 28 2 23 20 46 35 43 32 52 29 1 30]
2024-09-19 13:50:07,218{GMT}	INFO	[jepsen worker 0] jepsen.util: 0	:invoke	:read	nil
2024-09-19 13:50:07,221{GMT}	INFO	[jepsen worker 0] jepsen.util: 0	:ok	:read	[44 15 32 2 13 4 22 21 36 29 7 14 47 6 5 8 27 26 33 40 18 0 16 45 3 34 37 28 30 9 35 48 42 17 12 51 1 25 20 11 10 24 31 23 43 46 39 41 49 38 19 50 52]
2024-09-19 13:50:07,315{GMT}	INFO	[jepsen worker 0] jepsen.util: 0	:invoke	:broadcast	53
2024-09-19 13:50:07,318{GMT}	INFO	[jepsen worker 0] jepsen.util: 0	:ok	:broadcast	53
2024-09-19 13:50:07,513{GMT}	INFO	[jepsen worker 1] jepsen.util: 1	:invoke	:read	nil
2024-09-19 13:50:07,515{GMT}	INFO	[jepsen worker 1] jepsen.util: 1	:ok	:read	[6 14 40 45 52 31 15 11 8 26 12 34 33 2 22 29 32 20 21 38 50 37 41 19 23 4 49 7 27 42 46 10 51 1 30 9 43 13 3 47 5 28 16 24 48 25 39 44 0 18 17 35 36]
2024-09-19 13:50:07,540{GMT}	INFO	[jepsen worker 2] jepsen.util: 2	:invoke	:read	nil
2024-09-19 13:50:07,542{GMT}	INFO	[jepsen worker 2] jepsen.util: 2	:ok	:read	[50 44 25 28 29 27 3 19 49 16 31 39 40 43 21 41 10 18 9 14 24 7 45 0 20 12 13 48 15 38 26 33 32 23 35 2 30 42 1 52 17 47 22 51 36 34 8 37 6 46 4 5 11]
2024-09-19 13:50:07,653{GMT}	INFO	[jepsen worker 3] jepsen.util: 3	:invoke	:read	nil
2024-09-19 13:50:07,654{GMT}	INFO	[jepsen worker 3] jepsen.util: 3	:ok	:read	[41 8 1 50 17 29 51 47 20 52 26 7 21 25 28 30 33 45 19 5 18 6 23 36 42 48 35 34 13 14 24 16 37 44 3 27 0 4 40 43 39 12 15 2 10 38 53 22 32 49 11 9 46 31]
2024-09-19 13:50:07,808{GMT}	INFO	[jepsen worker 4] jepsen.util: 4	:invoke	:read	nil
2024-09-19 13:50:07,810{GMT}	INFO	[jepsen worker 4] jepsen.util: 4	:ok	:read	[50 12 27 16 38 49 36 33 37 4 17 7 3 0 26 47 14 39 19 6 9 34 41 51 25 15 18 13 22 10 24 45 53 40 42 8 44 31 5 21 48 11 28 2 23 20 46 35 43 32 52 29 1 30]
2024-09-19 13:50:07,858{GMT}	INFO	[jepsen worker 0] jepsen.util: 0	:invoke	:broadcast	54
2024-09-19 13:50:07,866{GMT}	INFO	[jepsen worker 0] jepsen.util: 0	:ok	:broadcast	54
2024-09-19 13:50:07,986{GMT}	INFO	[jepsen worker 0] jepsen.util: 0	:invoke	:read	nil
2024-09-19 13:50:07,989{GMT}	INFO	[jepsen worker 0] jepsen.util: 0	:ok	:read	[44 15 32 2 13 53 4 22 21 36 29 7 14 47 6 5 8 27 26 33 40 18 0 16 45 3 34 37 28 30 9 35 48 42 17 12 51 1 25 20 11 10 24 31 23 43 46 39 41 49 38 19 54 50 52]
2024-09-19 13:50:08,001{GMT}	INFO	[jepsen worker 1] jepsen.util: 1	:invoke	:read	nil
2024-09-19 13:50:08,005{GMT}	INFO	[jepsen worker 1] jepsen.util: 1	:ok	:read	[6 14 40 45 52 31 15 11 8 26 12 34 33 2 53 22 29 32 20 21 38 50 37 41 19 23 4 49 7 27 42 46 10 51 1 30 9 43 13 3 47 5 28 16 24 48 25 39 44 0 18 17 35 36]
2024-09-19 13:50:08,099{GMT}	INFO	[jepsen worker 2] jepsen.util: 2	:invoke	:broadcast	55
2024-09-19 13:50:08,102{GMT}	INFO	[jepsen worker 2] jepsen.util: 2	:ok	:broadcast	55
2024-09-19 13:50:08,276{GMT}	INFO	[jepsen worker 3] jepsen.util: 3	:invoke	:read	nil
2024-09-19 13:50:08,278{GMT}	INFO	[jepsen worker 3] jepsen.util: 3	:ok	:read	[41 8 1 50 17 29 51 47 20 52 26 7 21 25 28 30 33 45 54 19 5 18 6 23 36 42 48 35 34 13 14 24 16 37 44 3 27 0 4 40 43 39 12 15 2 10 38 53 22 32 49 11 9 46 31]
2024-09-19 13:50:08,418{GMT}	INFO	[jepsen worker 4] jepsen.util: 4	:invoke	:read	nil
2024-09-19 13:50:08,421{GMT}	INFO	[jepsen worker 4] jepsen.util: 4	:ok	:read	[50 12 27 16 38 49 36 33 37 4 17 7 3 0 26 47 14 39 19 54 6 9 34 41 51 25 15 18 13 22 10 24 45 53 40 42 8 44 31 5 21 48 11 28 2 23 20 46 35 43 32 52 29 1 30]
2024-09-19 13:50:08,576{GMT}	INFO	[jepsen worker 0] jepsen.util: 0	:invoke	:read	nil
2024-09-19 13:50:08,583{GMT}	INFO	[jepsen worker 0] jepsen.util: 0	:ok	:read	[44 15 32 2 13 53 4 22 21 36 29 7 14 47 6 5 8 27 26 33 40 18 0 16 45 3 34 37 28 30 9 35 48 42 17 12 51 1 25 20 11 10 24 31 23 43 46 39 41 49 38 19 55 54 50 52]
2024-09-19 13:50:08,701{GMT}	INFO	[jepsen worker 0] jepsen.util: 0	:invoke	:read	nil
2024-09-19 13:50:08,703{GMT}	INFO	[jepsen worker 0] jepsen.util: 0	:ok	:read	[44 15 32 2 13 53 4 22 21 36 29 7 14 47 6 5 8 27 26 33 40 18 0 16 45 3 34 37 28 30 9 35 48 42 17 12 51 1 25 20 11 10 24 31 23 43 46 39 41 49 38 19 55 54 50 52]
2024-09-19 13:50:08,832{GMT}	INFO	[jepsen worker 1] jepsen.util: 1	:invoke	:broadcast	56
2024-09-19 13:50:08,834{GMT}	INFO	[jepsen worker 1] jepsen.util: 1	:ok	:broadcast	56
2024-09-19 13:50:08,969{GMT}	INFO	[jepsen worker 2] jepsen.util: 2	:invoke	:read	nil
2024-09-19 13:50:08,971{GMT}	INFO	[jepsen worker 2] jepsen.util: 2	:ok	:read	[50 44 25 28 29 27 53 3 19 49 16 31 39 40 43 21 41 10 18 9 55 14 24 7 45 54 0 20 12 13 48 15 38 26 33 32 23 35 2 30 42 1 52 17 47 22 51 36 34 8 37 6 46 4 5 11]
2024-09-19 13:50:09,085{GMT}	INFO	[jepsen worker 3] jepsen.util: 3	:invoke	:read	nil
2024-09-19 13:50:09,087{GMT}	INFO	[jepsen worker 3] jepsen.util: 3	:ok	:read	[41 8 1 50 17 29 51 47 20 52 26 7 21 25 28 30 33 45 54 19 5 18 6 23 36 42 48 35 34 13 14 24 55 16 37 44 3 27 0 4 40 43 39 12 15 2 10 38 53 22 32 49 11 9 46 31]
2024-09-19 13:50:09,198{GMT}	INFO	[jepsen worker 4] jepsen.util: 4	:invoke	:broadcast	57
2024-09-19 13:50:09,201{GMT}	INFO	[jepsen worker 4] jepsen.util: 4	:ok	:broadcast	57
2024-09-19 13:50:09,212{GMT}	INFO	[jepsen worker 0] jepsen.util: 0	:invoke	:broadcast	58
2024-09-19 13:50:09,215{GMT}	INFO	[jepsen worker 0] jepsen.util: 0	:ok	:broadcast	58
2024-09-19 13:50:09,340{GMT}	INFO	[jepsen worker 0] jepsen.util: 0	:invoke	:broadcast	59
2024-09-19 13:50:09,342{GMT}	INFO	[jepsen worker 0] jepsen.util: 0	:ok	:broadcast	59
2024-09-19 13:50:09,421{GMT}	INFO	[jepsen worker 1] jepsen.util: 1	:invoke	:broadcast	60
2024-09-19 13:50:09,425{GMT}	INFO	[jepsen worker 1] jepsen.util: 1	:ok	:broadcast	60
2024-09-19 13:50:09,490{GMT}	INFO	[jepsen worker 2] jepsen.util: 2	:invoke	:broadcast	61
2024-09-19 13:50:09,491{GMT}	INFO	[jepsen worker 2] jepsen.util: 2	:ok	:broadcast	61
2024-09-19 13:50:09,568{GMT}	INFO	[jepsen worker 3] jepsen.util: 3	:invoke	:broadcast	62
2024-09-19 13:50:09,569{GMT}	INFO	[jepsen worker 3] jepsen.util: 3	:ok	:broadcast	62
2024-09-19 13:50:09,681{GMT}	INFO	[jepsen worker 4] jepsen.util: 4	:invoke	:broadcast	63
2024-09-19 13:50:09,683{GMT}	INFO	[jepsen worker 4] jepsen.util: 4	:ok	:broadcast	63
2024-09-19 13:50:09,768{GMT}	INFO	[jepsen worker 0] jepsen.util: 0	:invoke	:broadcast	64
2024-09-19 13:50:09,770{GMT}	INFO	[jepsen worker 0] jepsen.util: 0	:ok	:broadcast	64
2024-09-19 13:50:09,824{GMT}	INFO	[jepsen worker 0] jepsen.util: 0	:invoke	:read	nil
2024-09-19 13:50:09,826{GMT}	INFO	[jepsen worker 0] jepsen.util: 0	:ok	:read	[44 15 32 2 13 53 4 22 21 36 29 56 7 57 14 47 6 5 64 8 27 26 33 40 18 0 16 45 3 59 34 37 28 30 9 62 35 48 42 17 12 51 1 25 20 11 10 24 31 23 43 46 39 41 58 49 38 19 61 55 54 50 52 60]
2024-09-19 13:50:10,002{GMT}	INFO	[jepsen worker 1] jepsen.util: 1	:invoke	:read	nil
2024-09-19 13:50:10,005{GMT}	INFO	[jepsen worker 1] jepsen.util: 1	:ok	:read	[6 14 40 45 52 60 31 15 11 57 61 62 8 26 12 34 33 2 53 22 29 32 20 21 38 50 37 41 19 23 4 54 59 49 7 27 42 46 10 51 58 1 30 9 64 55 43 13 3 47 5 28 16 24 48 25 39 44 56 0 18 17 63 35 36]
2024-09-19 13:50:10,077{GMT}	INFO	[jepsen worker 2] jepsen.util: 2	:invoke	:broadcast	65
2024-09-19 13:50:10,080{GMT}	INFO	[jepsen worker 2] jepsen.util: 2	:ok	:broadcast	65
2024-09-19 13:50:10,089{GMT}	INFO	[jepsen worker 3] jepsen.util: 3	:invoke	:read	nil
2024-09-19 13:50:10,091{GMT}	INFO	[jepsen worker 3] jepsen.util: 3	:ok	:read	[41 8 1 50 59 17 29 51 47 63 20 52 26 7 21 25 28 30 33 45 54 19 5 18 6 23 36 42 48 62 35 34 58 13 14 24 56 55 16 37 61 64 44 3 27 0 4 40 57 43 39 12 15 2 10 38 53 22 32 49 60 11 9 46 31]
2024-09-19 13:50:10,106{GMT}	INFO	[jepsen worker 4] jepsen.util: 4	:invoke	:read	nil
2024-09-19 13:50:10,106{GMT}	INFO	[jepsen worker 0] jepsen.util: 0	:invoke	:read	nil
2024-09-19 13:50:10,109{GMT}	INFO	[jepsen worker 4] jepsen.util: 4	:ok	:read	[57 50 12 55 27 16 38 49 36 33 37 4 17 7 3 0 26 64 47 14 39 58 19 59 54 6 9 34 41 51 25 15 18 13 22 10 24 45 53 56 60 61 40 42 8 44 31 5 63 21 48 11 28 2 23 20 46 35 43 32 62 52 29 1 30]
2024-09-19 13:50:10,109{GMT}	INFO	[jepsen worker 0] jepsen.util: 0	:ok	:read	[44 15 32 2 13 53 4 22 21 36 29 56 7 57 14 47 6 5 64 8 27 26 33 40 18 0 16 45 3 59 34 37 28 30 9 62 35 48 42 17 12 51 1 25 20 11 10 24 31 23 43 46 39 41 58 49 38 19 61 55 54 63 50 52 60]
2024-09-19 13:50:10,269{GMT}	INFO	[jepsen worker 0] jepsen.util: 0	:invoke	:read	nil
2024-09-19 13:50:10,272{GMT}	INFO	[jepsen worker 0] jepsen.util: 0	:ok	:read	[44 15 32 2 13 53 4 22 21 36 29 56 7 57 14 47 6 5 64 8 27 26 33 40 18 0 16 45 3 59 34 37 28 30 9 62 35 48 42 17 12 51 1 25 20 11 10 24 31 23 43 46 39 41 58 49 38 19 61 55 54 63 50 52 60]
2024-09-19 13:50:10,422{GMT}	INFO	[jepsen worker 1] jepsen.util: 1	:invoke	:broadcast	66
2024-09-19 13:50:10,424{GMT}	INFO	[jepsen worker 1] jepsen.util: 1	:ok	:broadcast	66
2024-09-19 13:50:10,590{GMT}	INFO	[jepsen worker 2] jepsen.util: 2	:invoke	:broadcast	67
2024-09-19 13:50:10,591{GMT}	INFO	[jepsen worker 2] jepsen.util: 2	:ok	:broadcast	67
2024-09-19 13:50:10,727{GMT}	INFO	[jepsen worker 3] jepsen.util: 3	:invoke	:read	nil
2024-09-19 13:50:10,729{GMT}	INFO	[jepsen worker 3] jepsen.util: 3	:ok	:read	[41 8 1 50 59 17 29 51 47 63 20 52 26 7 21 25 28 30 33 45 54 19 5 18 6 23 36 42 48 62 35 34 58 13 14 24 56 55 16 37 61 64 44 3 27 0 4 40 57 43 39 12 15 2 10 38 53 22 32 49 60 11 9 46 31]
2024-09-19 13:50:10,760{GMT}	INFO	[jepsen worker 4] jepsen.util: 4	:invoke	:read	nil
2024-09-19 13:50:10,761{GMT}	INFO	[jepsen worker 4] jepsen.util: 4	:ok	:read	[57 50 12 55 27 16 38 49 36 33 37 4 17 7 3 0 26 64 47 66 14 39 58 19 59 54 6 9 34 41 51 25 15 18 13 22 10 24 45 53 56 60 61 40 42 8 44 31 5 63 21 48 11 28 65 2 23 20 46 35 43 32 62 52 29 1 30]
2024-09-19 13:50:10,788{GMT}	INFO	[jepsen worker 0] jepsen.util: 0	:invoke	:broadcast	68
2024-09-19 13:50:10,791{GMT}	INFO	[jepsen worker 0] jepsen.util: 0	:ok	:broadcast	68
2024-09-19 13:50:10,799{GMT}	INFO	[jepsen worker 0] jepsen.util: 0	:invoke	:broadcast	69
2024-09-19 13:50:10,801{GMT}	INFO	[jepsen worker 0] jepsen.util: 0	:ok	:broadcast	69
2024-09-19 13:50:10,998{GMT}	INFO	[jepsen worker 1] jepsen.util: 1	:invoke	:read	nil
2024-09-19 13:50:11,000{GMT}	INFO	[jepsen worker 1] jepsen.util: 1	:ok	:read	[6 14 40 45 52 60 31 15 11 57 61 62 8 26 12 34 33 2 53 22 29 32 69 20 21 38 50 37 41 19 23 4 67 54 59 49 7 27 42 46 10 51 58 1 30 9 64 55 43 13 3 47 5 28 16 68 24 65 48 25 39 44 56 66 0 18 17 63 35 36]
2024-09-19 13:50:11,070{GMT}	INFO	[jepsen worker 2] jepsen.util: 2	:invoke	:read	nil
2024-09-19 13:50:11,073{GMT}	INFO	[jepsen worker 2] jepsen.util: 2	:ok	:read	[50 58 44 25 28 29 27 53 3 19 49 16 31 39 66 40 43 21 41 67 10 18 9 55 57 14 24 7 45 54 56 0 20 62 12 13 48 15 64 38 26 69 33 32 23 35 2 30 42 1 52 17 47 22 51 36 34 8 61 37 59 6 63 46 60 65 4 68 5 11]
2024-09-19 13:50:11,232{GMT}	INFO	[jepsen worker 3] jepsen.util: 3	:invoke	:broadcast	70
2024-09-19 13:50:11,235{GMT}	INFO	[jepsen worker 3] jepsen.util: 3	:ok	:broadcast	70
2024-09-19 13:50:11,398{GMT}	INFO	[jepsen worker 4] jepsen.util: 4	:invoke	:read	nil
2024-09-19 13:50:11,400{GMT}	INFO	[jepsen worker 4] jepsen.util: 4	:ok	:read	[57 50 12 55 27 16 38 49 36 33 37 67 4 17 7 3 0 26 69 64 47 66 14 39 58 19 59 54 6 9 34 41 51 25 15 18 13 22 10 24 45 53 56 60 68 61 40 42 8 44 31 5 63 21 48 11 28 65 2 23 20 46 35 43 32 62 52 29 1 30]
2024-09-19 13:50:11,403{GMT}	INFO	[jepsen worker 0] jepsen.util: 0	:invoke	:read	nil
2024-09-19 13:50:11,406{GMT}	INFO	[jepsen worker 0] jepsen.util: 0	:ok	:read	[44 67 15 32 2 13 53 4 22 21 36 29 56 7 57 14 47 6 5 64 8 27 26 33 40 18 0 16 66 68 45 3 59 34 37 28 30 69 9 62 35 48 42 17 12 51 1 25 20 11 10 24 31 23 43 46 39 41 58 65 49 38 19 61 55 54 63 50 52 60]
2024-09-19 13:50:11,580{GMT}	INFO	[jepsen worker 0] jepsen.util: 0	:invoke	:read	nil
2024-09-19 13:50:11,582{GMT}	INFO	[jepsen worker 0] jepsen.util: 0	:ok	:read	[44 67 15 32 2 13 53 4 22 21 36 29 56 70 7 57 14 47 6 5 64 8 27 26 33 40 18 0 16 66 68 45 3 59 34 37 28 30 69 9 62 35 48 42 17 12 51 1 25 20 11 10 24 31 23 43 46 39 41 58 65 49 38 19 61 55 54 63 50 52 60]
2024-09-19 13:50:11,683{GMT}	INFO	[jepsen worker 1] jepsen.util: 1	:invoke	:read	nil
2024-09-19 13:50:11,684{GMT}	INFO	[jepsen worker 1] jepsen.util: 1	:ok	:read	[6 14 40 45 52 60 31 15 11 57 61 62 8 26 12 34 33 2 53 22 29 32 69 20 21 38 50 37 41 19 23 4 67 54 59 49 7 27 42 46 10 51 58 1 30 9 64 55 43 13 3 47 5 28 16 68 24 65 48 25 39 44 56 66 0 18 17 63 35 36]
2024-09-19 13:50:11,736{GMT}	INFO	[jepsen worker 2] jepsen.util: 2	:invoke	:broadcast	71
2024-09-19 13:50:11,738{GMT}	INFO	[jepsen worker 2] jepsen.util: 2	:ok	:broadcast	71
2024-09-19 13:50:11,759{GMT}	INFO	[jepsen worker 3] jepsen.util: 3	:invoke	:broadcast	72
2024-09-19 13:50:11,760{GMT}	INFO	[jepsen worker 3] jepsen.util: 3	:ok	:broadcast	72
2024-09-19 13:50:11,778{GMT}	INFO	[jepsen worker 4] jepsen.util: 4	:invoke	:read	nil
2024-09-19 13:50:11,780{GMT}	INFO	[jepsen worker 4] jepsen.util: 4	:ok	:read	[57 50 12 55 27 16 38 49 36 33 37 67 4 17 7 3 0 26 69 64 47 66 14 39 58 70 19 59 54 6 9 34 41 51 25 15 18 13 22 10 24 45 53 56 60 68 61 40 42 8 44 31 5 63 21 48 11 28 65 2 23 20 46 35 43 32 62 52 29 1 30]
2024-09-19 13:50:11,824{GMT}	INFO	[jepsen worker 0] jepsen.util: 0	:invoke	:read	nil
2024-09-19 13:50:11,826{GMT}	INFO	[jepsen worker 0] jepsen.util: 0	:ok	:read	[44 67 15 32 2 13 53 4 22 21 36 29 56 70 7 57 14 47 6 5 64 8 27 26 33 40 18 0 16 66 68 45 3 59 34 37 28 30 69 9 62 35 48 42 17 12 51 1 25 20 11 10 24 31 23 43 46 39 41 58 65 49 38 19 61 55 54 63 50 52 60]
2024-09-19 13:50:11,829{GMT}	INFO	[jepsen worker 0] jepsen.util: 0	:invoke	:read	nil
2024-09-19 13:50:11,831{GMT}	INFO	[jepsen worker 0] jepsen.util: 0	:ok	:read	[44 67 15 32 2 13 53 4 22 21 36 29 56 70 7 57 14 47 6 5 64 8 27 26 33 40 18 0 16 66 68 45 3 59 34 37 28 30 69 9 62 35 48 42 17 12 51 1 25 20 11 10 24 31 23 43 46 39 41 58 65 49 38 19 61 55 54 63 50 52 60]
2024-09-19 13:50:11,893{GMT}	INFO	[jepsen worker 1] jepsen.util: 1	:invoke	:broadcast	73
2024-09-19 13:50:11,894{GMT}	INFO	[jepsen worker 1] jepsen.util: 1	:ok	:broadcast	73
2024-09-19 13:50:12,078{GMT}	INFO	[jepsen worker 2] jepsen.util: 2	:invoke	:broadcast	74
2024-09-19 13:50:12,079{GMT}	INFO	[jepsen worker 2] jepsen.util: 2	:ok	:broadcast	74
2024-09-19 13:50:12,172{GMT}	INFO	[jepsen worker 3] jepsen.util: 3	:invoke	:broadcast	75
2024-09-19 13:50:12,178{GMT}	INFO	[jepsen worker 3] jepsen.util: 3	:ok	:broadcast	75
2024-09-19 13:50:12,312{GMT}	INFO	[jepsen worker 4] jepsen.util: 4	:invoke	:read	nil
2024-09-19 13:50:12,314{GMT}	INFO	[jepsen worker 4] jepsen.util: 4	:ok	:read	[57 50 12 55 27 16 38 72 49 36 33 71 37 67 4 17 7 3 0 26 69 64 47 66 14 39 58 70 19 59 54 6 9 34 41 51 25 15 18 13 22 10 24 45 53 56 60 68 73 61 40 42 8 44 31 5 63 21 48 11 28 65 2 23 20 46 35 43 32 62 52 29 1 30]
2024-09-19 13:50:12,405{GMT}	INFO	[jepsen worker 0] jepsen.util: 0	:invoke	:broadcast	76
2024-09-19 13:50:12,409{GMT}	INFO	[jepsen worker 0] jepsen.util: 0	:ok	:broadcast	76
2024-09-19 13:50:12,455{GMT}	INFO	[jepsen worker 0] jepsen.util: 0	:invoke	:read	nil
2024-09-19 13:50:12,457{GMT}	INFO	[jepsen worker 0] jepsen.util: 0	:ok	:read	[44 67 15 32 2 13 53 4 22 21 36 29 56 70 7 72 57 76 71 14 75 47 6 5 64 8 27 26 33 40 18 0 16 66 68 45 3 59 34 37 28 30 73 69 9 62 35 48 42 17 12 51 1 25 20 11 10 74 24 31 23 43 46 39 41 58 65 49 38 19 61 55 54 63 50 52 60]
2024-09-19 13:50:12,644{GMT}	INFO	[jepsen worker 1] jepsen.util: 1	:invoke	:read	nil
2024-09-19 13:50:12,646{GMT}	INFO	[jepsen worker 1] jepsen.util: 1	:ok	:read	[6 14 70 40 45 52 60 74 31 15 11 57 61 62 8 26 12 34 33 2 53 22 29 32 69 20 21 38 50 37 73 41 19 23 76 4 67 54 59 49 7 27 42 46 10 51 58 75 1 30 71 9 64 55 43 13 3 47 5 28 16 68 24 65 48 25 39 44 56 66 0 18 72 17 63 35 36]
2024-09-19 13:50:12,778{GMT}	INFO	[jepsen worker 2] jepsen.util: 2	:invoke	:broadcast	77
2024-09-19 13:50:12,780{GMT}	INFO	[jepsen worker 2] jepsen.util: 2	:ok	:broadcast	77
2024-09-19 13:50:12,831{GMT}	INFO	[jepsen worker 3] jepsen.util: 3	:invoke	:broadcast	78
2024-09-19 13:50:12,833{GMT}	INFO	[jepsen worker 3] jepsen.util: 3	:ok	:broadcast	78
2024-09-19 13:50:13,010{GMT}	INFO	[jepsen worker 4] jepsen.util: 4	:invoke	:broadcast	79
2024-09-19 13:50:13,013{GMT}	INFO	[jepsen worker 4] jepsen.util: 4	:ok	:broadcast	79
2024-09-19 13:50:13,143{GMT}	INFO	[jepsen worker 0] jepsen.util: 0	:invoke	:read	nil
2024-09-19 13:50:13,148{GMT}	INFO	[jepsen worker 0] jepsen.util: 0	:ok	:read	[44 67 15 32 2 13 53 4 22 21 36 29 56 70 7 72 57 76 71 14 75 47 6 5 64 8 27 26 33 40 18 0 16 66 68 45 3 59 34 37 28 30 73 69 9 62 35 48 42 17 12 51 1 25 20 11 10 74 24 31 23 43 46 39 41 58 65 49 38 19 61 55 78 54 63 50 52 60]
2024-09-19 13:50:13,199{GMT}	INFO	[jepsen worker 0] jepsen.util: 0	:invoke	:broadcast	80
2024-09-19 13:50:13,204{GMT}	INFO	[jepsen worker 0] jepsen.util: 0	:ok	:broadcast	80
2024-09-19 13:50:13,209{GMT}	INFO	[jepsen worker 1] jepsen.util: 1	:invoke	:broadcast	81
2024-09-19 13:50:13,218{GMT}	INFO	[jepsen worker 1] jepsen.util: 1	:ok	:broadcast	81
2024-09-19 13:50:13,408{GMT}	INFO	[jepsen worker 2] jepsen.util: 2	:invoke	:read	nil
2024-09-19 13:50:13,415{GMT}	INFO	[jepsen worker 2] jepsen.util: 2	:ok	:read	[58 79 44 25 28 29 53 3 16 39 66 40 21 41 67 10 81 18 9 55 57 14 24 54 73 77 70 74 20 62 12 48 64 69 23 35 75 30 42 1 17 51 59 6 60 65 11 72 27 19 49 31 43 76 71 45 7 56 0 78 13 15 38 26 33 32 2 52 47 22 80 36 34 8 61 37 63 68 46 4 5 50]
2024-09-19 13:50:13,530{GMT}	INFO	[jepsen worker 3] jepsen.util: 3	:invoke	:read	nil
2024-09-19 13:50:13,536{GMT}	INFO	[jepsen worker 3] jepsen.util: 3	:ok	:read	[41 67 8 1 50 59 17 29 72 51 47 63 66 20 52 79 26 7 21 25 28 30 33 45 54 19 5 18 75 68 6 23 36 42 71 48 78 62 35 34 58 65 69 13 14 24 56 55 16 37 74 61 64 80 44 3 27 0 4 40 57 43 39 12 15 73 2 10 38 53 76 22 32 49 60 70 11 9 46 31]
2024-09-19 13:50:13,622{GMT}	INFO	[jepsen worker 4] jepsen.util: 4	:invoke	:read	nil
2024-09-19 13:50:13,628{GMT}	INFO	[jepsen worker 4] jepsen.util: 4	:ok	:read	[57 50 12 55 76 38 49 36 33 37 75 4 3 69 64 47 66 14 77 19 59 54 34 73 25 18 56 61 40 42 78 8 5 48 28 2 46 20 35 32 52 29 1 81 30 27 16 72 71 67 17 7 26 0 70 39 58 6 9 41 53 51 79 15 22 13 45 10 24 68 60 44 31 80 63 21 65 11 23 43 62 74]
2024-09-19 13:50:13,643{GMT}	INFO	[jepsen worker 0] jepsen.util: 0	:invoke	:read	nil
2024-09-19 13:50:13,651{GMT}	INFO	[jepsen worker 0] jepsen.util: 0	:ok	:read	[44 67 15 32 2 13 53 4 22 21 36 29 56 70 7 72 57 76 71 14 75 47 6 5 64 8 27 26 79 33 40 18 0 16 66 68 77 45 3 59 34 37 28 30 73 69 9 62 35 48 42 17 12 51 1 25 20 11 10 74 24 31 80 23 43 46 39 41 58 65 49 38 19 61 55 78 54 63 81 50 52 60]
2024-09-19 13:50:13,658{GMT}	INFO	[jepsen worker 0] jepsen.util: 0	:invoke	:broadcast	82
2024-09-19 13:50:13,660{GMT}	INFO	[jepsen worker 0] jepsen.util: 0	:ok	:broadcast	82
2024-09-19 13:50:13,703{GMT}	INFO	[jepsen worker 1] jepsen.util: 1	:invoke	:broadcast	83
2024-09-19 13:50:13,706{GMT}	INFO	[jepsen worker 1] jepsen.util: 1	:ok	:broadcast	83
2024-09-19 13:50:13,814{GMT}	INFO	[jepsen worker 2] jepsen.util: 2	:invoke	:read	nil
2024-09-19 13:50:13,819{GMT}	INFO	[jepsen worker 2] jepsen.util: 2	:ok	:read	[58 79 44 25 28 29 53 3 16 39 66 40 21 41 67 10 81 18 9 55 57 14 24 54 73 77 70 74 20 62 12 48 64 69 23 35 75 30 42 1 17 51 59 6 60 65 11 72 27 19 49 31 43 76 71 45 7 56 0 78 13 15 38 26 33 32 2 52 47 22 80 36 34 8 61 37 63 68 46 4 5 50]
2024-09-19 13:50:13,910{GMT}	INFO	[jepsen worker 3] jepsen.util: 3	:invoke	:broadcast	84
2024-09-19 13:50:13,911{GMT}	INFO	[jepsen worker 3] jepsen.util: 3	:ok	:broadcast	84
2024-09-19 13:50:14,107{GMT}	INFO	[jepsen worker 4] jepsen.util: 4	:invoke	:broadcast	85
2024-09-19 13:50:14,109{GMT}	INFO	[jepsen worker 4] jepsen.util: 4	:ok	:broadcast	85
2024-09-19 13:50:14,264{GMT}	INFO	[jepsen worker 0] jepsen.util: 0	:invoke	:broadcast	86
2024-09-19 13:50:14,268{GMT}	INFO	[jepsen worker 0] jepsen.util: 0	:ok	:broadcast	86
2024-09-19 13:50:14,321{GMT}	INFO	[jepsen worker 0] jepsen.util: 0	:invoke	:read	nil
2024-09-19 13:50:14,326{GMT}	INFO	[jepsen worker 0] jepsen.util: 0	:ok	:read	[44 67 15 32 82 2 13 53 4 22 21 36 29 56 70 7 72 57 76 71 86 14 75 47 6 5 64 8 27 26 79 33 40 18 0 16 66 68 77 45 3 59 34 37 28 30 73 69 9 85 62 35 48 42 17 12 51 1 25 20 11 10 74 24 31 80 23 43 46 39 41 58 65 49 38 19 61 55 78 54 63 81 50 83 84 52 60]
2024-09-19 13:50:14,410{GMT}	INFO	[jepsen worker 1] jepsen.util: 1	:invoke	:read	nil
2024-09-19 13:50:14,412{GMT}	INFO	[jepsen worker 1] jepsen.util: 1	:ok	:read	[6 14 70 40 45 52 60 74 31 15 11 57 61 62 8 26 12 34 33 2 53 22 29 32 69 20 21 38 50 37 73 81 41 19 23 76 4 67 78 54 59 49 79 82 7 83 27 42 46 10 51 58 75 1 30 71 9 77 64 55 43 13 3 47 5 28 16 68 24 80 65 48 25 39 44 56 66 0 18 72 17 63 35 85 36]
2024-09-19 13:50:14,525{GMT}	INFO	[jepsen worker 2] jepsen.util: 2	:invoke	:broadcast	87
2024-09-19 13:50:14,527{GMT}	INFO	[jepsen worker 2] jepsen.util: 2	:ok	:broadcast	87
2024-09-19 13:50:14,596{GMT}	INFO	[jepsen worker 3] jepsen.util: 3	:invoke	:broadcast	88
2024-09-19 13:50:14,598{GMT}	INFO	[jepsen worker 3] jepsen.util: 3	:ok	:broadcast	88
2024-09-19 13:50:14,643{GMT}	INFO	[jepsen worker 4] jepsen.util: 4	:invoke	:broadcast	89
2024-09-19 13:50:14,646{GMT}	INFO	[jepsen worker 4] jepsen.util: 4	:ok	:broadcast	89
2024-09-19 13:50:14,837{GMT}	INFO	[jepsen worker 0] jepsen.util: 0	:invoke	:read	nil
2024-09-19 13:50:14,842{GMT}	INFO	[jepsen worker 0] jepsen.util: 0	:ok	:read	[67 15 13 53 4 36 56 70 76 7 86 57 71 14 75 6 5 26 77 66 18 0 16 68 45 59 37 30 62 35 48 17 1 25 11 74 23 43 89 39 41 49 19 61 63 84 52 44 32 82 2 22 21 29 72 47 64 8 27 79 33 40 3 34 28 73 88 69 9 85 42 51 12 20 10 24 31 80 46 58 65 83 38 81 78 55 54 50 60]
2024-09-19 13:50:14,983{GMT}	INFO	[jepsen worker 0] jepsen.util: 0	:invoke	:read	nil
2024-09-19 13:50:14,985{GMT}	INFO	[jepsen worker 0] jepsen.util: 0	:ok	:read	[67 15 13 53 4 36 56 70 76 7 86 57 71 14 75 6 5 26 77 66 18 0 16 68 45 59 37 30 62 35 48 17 1 25 11 74 23 43 89 39 41 49 19 61 63 84 52 44 32 82 2 22 21 29 72 47 64 8 27 79 33 40 3 34 28 73 88 69 9 85 42 51 12 20 10 24 31 80 46 58 65 83 38 81 78 55 54 50 60]
2024-09-19 13:50:15,068{GMT}	INFO	[jepsen worker 1] jepsen.util: 1	:invoke	:read	nil
2024-09-19 13:50:15,069{GMT}	INFO	[jepsen worker 1] jepsen.util: 1	:ok	:read	[6 14 70 40 45 52 60 74 31 15 11 57 61 62 8 26 12 34 88 33 2 53 22 29 32 69 20 21 38 50 37 73 81 84 41 89 19 23 76 4 67 78 54 59 49 79 82 7 83 27 42 46 10 51 58 75 1 30 71 9 77 64 55 43 13 3 47 5 28 87 16 68 24 80 65 48 25 39 44 56 66 0 18 72 17 63 35 85 86 36]
2024-09-19 13:50:15,217{GMT}	INFO	[jepsen worker 2] jepsen.util: 2	:invoke	:broadcast	90
2024-09-19 13:50:15,219{GMT}	INFO	[jepsen worker 2] jepsen.util: 2	:ok	:broadcast	90
2024-09-19 13:50:15,348{GMT}	INFO	[jepsen worker 3] jepsen.util: 3	:invoke	:broadcast	91
2024-09-19 13:50:15,351{GMT}	INFO	[jepsen worker 3] jepsen.util: 3	:ok	:broadcast	91
2024-09-19 13:50:15,434{GMT}	INFO	[jepsen worker 4] jepsen.util: 4	:invoke	:broadcast	92
2024-09-19 13:50:15,436{GMT}	INFO	[jepsen worker 4] jepsen.util: 4	:ok	:broadcast	92
2024-09-19 13:50:15,444{GMT}	INFO	[jepsen worker 0] jepsen.util: 0	:invoke	:read	nil
2024-09-19 13:50:15,447{GMT}	INFO	[jepsen worker 0] jepsen.util: 0	:ok	:read	[67 15 13 53 4 36 56 70 76 7 86 57 71 14 75 6 5 26 77 66 18 0 16 68 45 59 37 30 62 35 48 17 1 25 11 74 87 23 43 89 39 41 49 19 61 63 84 52 44 32 82 2 22 21 29 72 47 64 8 27 79 33 40 3 34 28 73 88 69 9 85 42 51 12 20 10 24 31 80 46 58 65 83 38 81 78 55 54 50 60]
2024-09-19 13:50:15,567{GMT}	INFO	[jepsen worker 0] jepsen.util: 0	:invoke	:read	nil
2024-09-19 13:50:15,569{GMT}	INFO	[jepsen worker 0] jepsen.util: 0	:ok	:read	[67 15 13 53 4 36 56 70 76 7 86 57 71 14 75 6 5 26 77 66 18 0 16 68 45 59 37 30 62 35 48 17 1 25 11 74 87 23 43 89 39 41 49 19 61 63 84 52 44 32 82 2 22 21 29 72 47 64 8 27 79 33 40 3 34 28 73 88 69 9 85 42 51 12 20 10 24 31 80 46 58 65 83 38 81 78 55 54 50 60]
2024-09-19 13:50:15,576{GMT}	INFO	[jepsen worker 1] jepsen.util: 1	:invoke	:broadcast	93
2024-09-19 13:50:15,583{GMT}	INFO	[jepsen worker 1] jepsen.util: 1	:ok	:broadcast	93
2024-09-19 13:50:15,735{GMT}	INFO	[jepsen worker 2] jepsen.util: 2	:invoke	:broadcast	94
2024-09-19 13:50:15,738{GMT}	INFO	[jepsen worker 2] jepsen.util: 2	:ok	:broadcast	94
2024-09-19 13:50:15,784{GMT}	INFO	[jepsen worker 3] jepsen.util: 3	:invoke	:read	nil
2024-09-19 13:50:15,790{GMT}	INFO	[jepsen worker 3] jepsen.util: 3	:ok	:read	[83 8 59 84 17 29 47 63 77 7 25 33 5 18 75 68 6 23 42 71 81 86 13 55 91 61 64 44 3 27 0 4 40 57 15 2 10 38 76 70 32 11 46 31 41 67 50 1 72 51 66 20 52 79 26 21 30 45 28 54 19 87 36 48 78 62 35 34 58 65 69 89 14 24 92 56 16 37 74 80 43 39 12 73 85 53 22 49 88 60 82 9]
2024-09-19 13:50:15,975{GMT}	INFO	[jepsen worker 4] jepsen.util: 4	:invoke	:read	nil
2024-09-19 13:50:15,983{GMT}	INFO	[jepsen worker 4] jepsen.util: 4	:ok	:read	[57 50 91 12 55 76 93 38 88 49 36 33 37 75 4 3 69 64 47 66 14 77 84 19 59 54 34 73 25 18 56 61 40 42 78 8 89 92 5 48 28 85 86 87 2 46 20 35 83 32 52 29 1 81 30 82 27 16 72 90 71 67 17 7 26 0 70 39 58 6 9 41 53 51 79 15 22 13 45 10 24 68 60 44 31 80 63 21 65 11 23 43 62 74]
2024-09-19 13:50:16,038{GMT}	INFO	[jepsen worker 0] jepsen.util: 0	:invoke	:broadcast	95
2024-09-19 13:50:16,042{GMT}	INFO	[jepsen worker 0] jepsen.util: 0	:ok	:broadcast	95
2024-09-19 13:50:16,108{GMT}	INFO	[jepsen worker 0] jepsen.util: 0	:invoke	:broadcast	96
2024-09-19 13:50:16,116{GMT}	INFO	[jepsen worker 0] jepsen.util: 0	:ok	:broadcast	96
2024-09-19 13:50:16,119{GMT}	INFO	[jepsen worker 1] jepsen.util: 1	:invoke	:read	nil
2024-09-19 13:50:16,121{GMT}	INFO	[jepsen worker 1] jepsen.util: 1	:ok	:read	[6 14 70 40 45 52 60 74 31 15 11 57 61 62 8 26 12 34 88 33 2 53 22 29 94 32 69 20 21 38 50 37 73 81 84 41 89 19 23 76 92 4 67 78 54 59 49 79 90 91 82 7 83 27 42 46 10 51 93 58 75 1 30 71 9 77 64 55 43 13 3 47 5 28 87 16 68 24 80 65 48 25 39 44 56 66 0 18 72 17 63 35 85 86 36]
2024-09-19 13:50:16,135{GMT}	INFO	[jepsen worker 2] jepsen.util: 2	:invoke	:read	nil
2024-09-19 13:50:16,137{GMT}	INFO	[jepsen worker 2] jepsen.util: 2	:ok	:read	[58 79 44 25 28 29 53 3 16 39 66 40 21 41 67 10 81 18 9 55 57 14 24 54 73 77 70 74 20 62 12 48 64 87 69 23 35 75 85 30 42 94 1 17 92 51 86 59 6 60 65 11 89 72 27 93 19 49 31 88 43 76 71 45 7 56 0 78 13 83 15 38 26 33 32 91 2 82 52 90 47 22 80 36 84 34 8 61 37 63 68 46 4 5 50]
2024-09-19 13:50:16,156{GMT}	INFO	[jepsen worker 3] jepsen.util: 3	:invoke	:broadcast	97
2024-09-19 13:50:16,159{GMT}	INFO	[jepsen worker 3] jepsen.util: 3	:ok	:broadcast	97
2024-09-19 13:50:16,325{GMT}	INFO	[jepsen worker 4] jepsen.util: 4	:invoke	:broadcast	98
2024-09-19 13:50:16,327{GMT}	INFO	[jepsen worker 4] jepsen.util: 4	:ok	:broadcast	98
2024-09-19 13:50:16,377{GMT}	INFO	[jepsen worker 0] jepsen.util: 0	:invoke	:broadcast	99
2024-09-19 13:50:16,384{GMT}	INFO	[jepsen worker 0] jepsen.util: 0	:ok	:broadcast	99
2024-09-19 13:50:16,442{GMT}	INFO	[jepsen worker 0] jepsen.util: 0	:invoke	:broadcast	100
2024-09-19 13:50:16,448{GMT}	INFO	[jepsen worker 0] jepsen.util: 0	:ok	:broadcast	100
2024-09-19 13:50:16,537{GMT}	INFO	[jepsen worker 1] jepsen.util: 1	:invoke	:read	nil
2024-09-19 13:50:16,542{GMT}	INFO	[jepsen worker 1] jepsen.util: 1	:ok	:read	[6 14 70 40 45 52 60 74 31 15 11 57 61 62 8 26 12 34 88 33 2 53 22 29 94 32 69 20 21 38 50 37 73 81 84 41 89 19 23 76 92 4 67 78 54 59 49 79 90 91 82 7 83 27 42 46 10 51 93 58 75 1 30 71 9 77 96 64 55 95 43 13 3 47 5 28 87 16 68 24 80 65 48 25 39 44 56 66 0 18 72 17 63 35 85 86 36]
2024-09-19 13:50:16,714{GMT}	INFO	[jepsen worker 2] jepsen.util: 2	:invoke	:broadcast	101
2024-09-19 13:50:16,718{GMT}	INFO	[jepsen worker 2] jepsen.util: 2	:ok	:broadcast	101
2024-09-19 13:50:16,764{GMT}	INFO	[jepsen worker 3] jepsen.util: 3	:invoke	:broadcast	102
2024-09-19 13:50:16,766{GMT}	INFO	[jepsen worker 3] jepsen.util: 3	:ok	:broadcast	102
2024-09-19 13:50:16,771{GMT}	INFO	[jepsen worker 4] jepsen.util: 4	:invoke	:broadcast	103
2024-09-19 13:50:16,773{GMT}	INFO	[jepsen worker 4] jepsen.util: 4	:ok	:broadcast	103
2024-09-19 13:50:16,898{GMT}	INFO	[jepsen worker 0] jepsen.util: 0	:invoke	:read	nil
2024-09-19 13:50:16,900{GMT}	INFO	[jepsen worker 0] jepsen.util: 0	:ok	:read	[67 15 13 53 4 36 56 70 76 7 86 57 96 71 14 75 6 5 26 77 66 18 0 16 68 45 59 37 30 62 35 48 91 17 1 25 11 74 87 23 43 89 39 41 49 19 61 63 98 92 84 52 44 32 82 2 22 21 29 72 47 64 8 27 79 33 40 93 90 3 34 28 73 88 69 99 9 85 102 42 51 12 94 20 10 24 31 80 97 95 46 58 100 65 83 38 81 78 55 103 54 50 60]
2024-09-19 13:50:16,962{GMT}	INFO	[jepsen worker 0] jepsen.util: 0	:invoke	:read	nil
2024-09-19 13:50:16,964{GMT}	INFO	[jepsen worker 0] jepsen.util: 0	:ok	:read	[67 15 13 53 4 36 56 70 76 7 86 57 96 71 14 75 6 5 26 77 66 18 0 16 68 45 59 37 30 62 35 48 91 17 1 25 11 74 87 23 43 89 39 41 49 19 61 63 98 92 84 52 44 32 82 2 22 21 29 72 47 64 8 27 79 33 40 93 90 3 34 28 73 88 69 99 9 85 102 42 51 12 94 20 10 24 31 80 97 95 46 58 100 65 83 38 81 78 55 103 54 50 60]
2024-09-19 13:50:17,021{GMT}	INFO	[jepsen worker 1] jepsen.util: 1	:invoke	:read	nil
2024-09-19 13:50:17,022{GMT}	INFO	[jepsen worker 1] jepsen.util: 1	:ok	:read	[98 6 14 70 40 45 52 60 74 31 15 11 57 61 62 8 97 26 12 34 88 99 33 2 53 22 29 94 32 69 20 21 38 50 37 73 81 84 41 89 19 23 76 92 4 67 78 54 59 49 79 90 91 82 7 83 27 42 46 10 51 93 58 75 1 30 71 9 77 96 64 55 95 43 13 3 47 5 28 87 16 68 24 80 65 48 103 25 39 44 56 66 0 18 72 100 17 63 35 101 85 86 36]
2024-09-19 13:50:17,146{GMT}	INFO	[jepsen worker 2] jepsen.util: 2	:invoke	:broadcast	104
2024-09-19 13:50:17,147{GMT}	INFO	[jepsen worker 2] jepsen.util: 2	:ok	:broadcast	104
2024-09-19 13:50:17,147{GMT}	INFO	[jepsen worker 3] jepsen.generator.interpreter: Waiting for recovery...
2024-09-19 13:50:27,150{GMT}	INFO	[jepsen worker 1] jepsen.util: 1	:invoke	:read	nil
2024-09-19 13:50:27,151{GMT}	INFO	[jepsen worker 2] jepsen.util: 2	:invoke	:read	nil
2024-09-19 13:50:27,151{GMT}	INFO	[jepsen worker 3] jepsen.util: 3	:invoke	:read	nil
2024-09-19 13:50:27,151{GMT}	INFO	[jepsen worker 0] jepsen.util: 0	:invoke	:read	nil
2024-09-19 13:50:27,152{GMT}	INFO	[jepsen worker 4] jepsen.util: 4	:invoke	:read	nil
2024-09-19 13:50:27,152{GMT}	INFO	[jepsen worker 0] jepsen.util: 0	:ok	:read	[67 15 13 53 4 36 56 70 76 7 86 57 96 71 14 75 6 5 26 77 66 18 0 16 68 45 59 37 104 30 62 35 48 91 17 1 25 11 74 87 23 43 89 39 41 49 19 61 63 98 92 84 52 44 32 82 2 22 21 29 72 47 64 8 27 79 33 40 93 90 3 34 28 73 88 69 99 9 85 102 42 51 12 94 20 10 24 31 80 101 97 95 46 58 100 65 83 38 81 78 55 103 54 50 60]
2024-09-19 13:50:27,152{GMT}	INFO	[jepsen worker 1] jepsen.util: 1	:ok	:read	[98 6 14 70 40 45 52 60 74 31 15 11 57 61 62 8 97 26 12 34 88 99 33 2 53 102 22 29 94 32 69 20 21 38 50 37 73 81 84 41 89 19 23 76 92 4 67 78 54 59 49 79 90 91 82 7 83 27 42 46 10 51 93 58 75 104 1 30 71 9 77 96 64 55 95 43 13 3 47 5 28 87 16 68 24 80 65 48 103 25 39 44 56 66 0 18 72 100 17 63 35 101 85 86 36]
2024-09-19 13:50:27,152{GMT}	INFO	[jepsen worker 3] jepsen.util: 3	:ok	:read	[83 97 8 59 103 84 17 29 47 63 77 7 25 33 5 18 93 75 68 6 23 102 42 71 81 86 96 13 94 55 91 61 64 44 3 27 0 4 40 57 15 2 10 99 38 76 70 32 98 104 11 46 31 101 41 67 50 1 72 90 51 66 20 52 79 26 21 30 45 28 54 19 87 36 100 48 78 62 35 34 58 65 69 95 89 14 24 92 56 16 37 74 80 43 39 12 73 85 53 22 49 88 60 82 9]
2024-09-19 13:50:27,153{GMT}	INFO	[jepsen worker 4] jepsen.util: 4	:ok	:read	[57 50 91 12 55 76 93 38 88 49 36 33 37 75 4 3 69 64 47 66 14 77 84 19 59 54 104 103 34 73 25 18 56 61 40 42 78 8 89 92 101 5 48 28 85 86 87 2 46 20 35 94 83 32 52 29 1 81 30 82 27 16 72 90 71 67 17 7 26 0 100 70 39 58 6 9 41 53 51 79 15 22 13 45 10 24 68 60 97 95 102 44 31 80 98 96 63 21 65 11 23 43 62 74 99]
2024-09-19 13:50:27,153{GMT}	INFO	[jepsen worker 2] jepsen.util: 2	:ok	:read	[58 79 44 25 28 29 53 3 16 39 66 40 21 41 67 10 81 18 9 55 57 14 24 54 73 77 70 74 20 101 62 12 48 64 87 69 23 35 75 85 30 42 94 1 17 92 51 86 59 6 60 65 11 96 89 72 95 100 102 27 93 19 49 31 97 88 43 76 71 45 7 56 0 78 13 83 98 15 104 38 26 33 99 32 91 2 82 52 90 47 22 80 36 84 34 8 61 37 63 68 46 103 4 5 50]
2024-09-19 13:50:27,191{GMT}	INFO	[jepsen test runner] jepsen.core: Run complete, writing
2024-09-19 13:50:27,310{GMT}	INFO	[jepsen node n2] maelstrom.db: Tearing down n2
2024-09-19 13:50:27,310{GMT}	INFO	[jepsen node n0] maelstrom.db: Tearing down n0
2024-09-19 13:50:27,310{GMT}	INFO	[jepsen node n1] maelstrom.db: Tearing down n1
2024-09-19 13:50:27,318{GMT}	INFO	[jepsen node n4] maelstrom.db: Tearing down n4
2024-09-19 13:50:27,327{GMT}	INFO	[jepsen node n3] maelstrom.db: Tearing down n3
2024-09-19 13:50:29,131{GMT}	INFO	[jepsen node n0] maelstrom.net: Shutting down Maelstrom network
2024-09-19 13:50:29,142{GMT}	INFO	[jepsen test runner] jepsen.core: Analyzing...
2024-09-19 13:50:29,682{GMT}	INFO	[jepsen test runner] jepsen.core: Analysis complete
2024-09-19 13:50:29,725{GMT}	INFO	[jepsen results] jepsen.store: Wrote /home/shrestha/rust/distributed_systems/store/broadcast/20240919T134954.023+0530/results.edn
2024-09-19 13:50:29,761{GMT}	INFO	[jepsen test runner] jepsen.core: {:perf {:latency-graph {:valid? true},
        :rate-graph {:valid? true},
        :valid? true},
 :timeline {:valid? true},
 :exceptions {:valid? true},
 :stats {:valid? true,
         :count 218,
         :ok-count 218,
         :fail-count 0,
         :info-count 0,
         :by-f {:broadcast {:valid? true,
                            :count 105,
                            :ok-count 105,
                            :fail-count 0,
                            :info-count 0},
                :read {:valid? true,
                       :count 113,
                       :ok-count 113,
                       :fail-count 0,
                       :info-count 0}}},
 :availability {:valid? true, :ok-fraction 1.0},
 :net {:all {:send-count 1446,
             :recv-count 1446,
             :msg-count 1446,
             :msgs-per-op 6.6330276},
       :clients {:send-count 456, :recv-count 456, :msg-count 456},
       :servers {:send-count 990,
                 :recv-count 990,
                 :msg-count 990,
                 :msgs-per-op 4.5412846},
       :valid? true},
 :workload {:worst-stale ({:element 77,
                           :outcome :stable,
                           :stable-latency 746,
                           :lost-latency nil,
                           :known #jepsen.history.Op{:index 329,
                                                     :time 15612515484,
                                                     :type :ok,
                                                     :process 2,
                                                     :f :add,
                                                     :value 77},
                           :last-absent #jepsen.history.Op{:index 342,
                                                           :time 16358991969,
                                                           :type :invoke,
                                                           :process 3,
                                                           :f :read,
                                                           :value nil}}
                          {:element 21,
                           :outcome :stable,
                           :stable-latency 704,
                           :lost-latency nil,
                           :known #jepsen.history.Op{:index 77,
                                                     :time 3880719303,
                                                     :type :ok,
                                                     :process 2,
                                                     :f :add,
                                                     :value 21},
                           :last-absent #jepsen.history.Op{:index 90,
                                                           :time 4585230981,
                                                           :type :invoke,
                                                           :process 3,
                                                           :f :read,
                                                           :value nil}}
                          {:element 37,
                           :outcome :stable,
                           :stable-latency 686,
                           :lost-latency nil,
                           :known #jepsen.history.Op{:index 137,
                                                     :time 6536033879,
                                                     :type :ok,
                                                     :process 2,
                                                     :f :add,
                                                     :value 37},
                           :last-absent #jepsen.history.Op{:index 150,
                                                           :time 7222852930,
                                                           :type :invoke,
                                                           :process 3,
                                                           :f :read,
                                                           :value nil}}
                          {:element 65,
                           :outcome :stable,
                           :stable-latency 646,
                           :lost-latency nil,
                           :known #jepsen.history.Op{:index 269,
                                                     :time 12912021123,
                                                     :type :ok,
                                                     :process 2,
                                                     :f :add,
                                                     :value 65},
                           :last-absent #jepsen.history.Op{:index 282,
                                                           :time 13558814006,
                                                           :type :invoke,
                                                           :process 3,
                                                           :f :read,
                                                           :value nil}}
                          {:element 14,
                           :outcome :stable,
                           :stable-latency 625,
                           :lost-latency nil,
                           :known #jepsen.history.Op{:index 55,
                                                     :time 2641981745,
                                                     :type :ok,
                                                     :process 3,
                                                     :f :add,
                                                     :value 14},
                           :last-absent #jepsen.history.Op{:index 64,
                                                           :time 3267258254,
                                                           :type :invoke,
                                                           :process 2,
                                                           :f :read,
                                                           :value nil}}
                          {:element 5,
                           :outcome :stable,
                           :stable-latency 594,
                           :lost-latency nil,
                           :known #jepsen.history.Op{:index 17,
                                                     :time 908937991,
                                                     :type :ok,
                                                     :process 2,
                                                     :f :add,
                                                     :value 5},
                           :last-absent #jepsen.history.Op{:index 30,
                                                           :time 1503446121,
                                                           :type :invoke,
                                                           :process 3,
                                                           :f :read,
                                                           :value nil}}
                          {:element 49,
                           :outcome :stable,
                           :stable-latency 579,
                           :lost-latency nil,
                           :known #jepsen.history.Op{:index 197,
                                                     :time 9268498073,
                                                     :type :ok,
                                                     :process 2,
                                                     :f :add,
                                                     :value 49},
                           :last-absent #jepsen.history.Op{:index 210,
                                                           :time 9848251156,
                                                           :type :invoke,
                                                           :process 3,
                                                           :f :read,
                                                           :value nil}}
                          {:element 12,
                           :outcome :stable,
                           :stable-latency 572,
                           :lost-latency nil,
                           :known #jepsen.history.Op{:index 43,
                                                     :time 1962350230,
                                                     :type :ok,
                                                     :process 3,
                                                     :f :add,
                                                     :value 12},
                           :last-absent #jepsen.history.Op{:index 52,
                                                           :time 2534720198,
                                                           :type :invoke,
                                                           :process 2,
                                                           :f :read,
                                                           :value nil}}),
            :duplicated-count 0,
            :valid? true,
            :lost-count 0,
            :lost (),
            :stable-count 105,
            :stale-count 71,
            :stale (0
                    1
                    2
                    5
                    6
                    8
                    9
                    10
                    12
                    13
                    14
                    15
                    16
                    18
                    21
                    24
                    25
                    27
                    29
                    30
                    31
                    32
                    33
                    37
                    38
                    39
                    40
                    42
                    43
                    44
                    45
                    46
                    47
                    49
                    50
                    51
                    52
                    53
                    54
                    55
                    56
                    63
                    65
                    66
                    67
                    70
                    71
                    72
                    74
                    75
                    77
                    79
                    81
                    82
                    83
                    84
                    86
                    87
                    90
                    91
                    92
                    93
                    94
                    95
                    96
                    97
                    98
                    99
                    100
                    101
                    102),
            :never-read-count 0,
            :stable-latencies {0 0,
                               0.5 130,
                               0.95 594,
                               0.99 704,
                               1 746},
            :attempt-count 105,
            :never-read (),
            :duplicated {}},
 :valid? true}


Everything looks good! (`)
